2022-12-25 10:04:39,667 [Worker-6: Loading available Gradle versions] INFO  o.e.b.c.i.u.g.PublishedGradleVersions - Gradle version information cache is out-of-date. Trying to update.
2022-12-25 10:15:07,538 [Worker-24: Launching mavenrun-903ad501-3078-418c-b0b2-357e026a698b] INFO  o.e.m.i.launch.MavenLaunchDelegate - C:\Users\ralfb\javaJsgCurso
2022-12-25 10:15:07,548 [Worker-24: Launching mavenrun-903ad501-3078-418c-b0b2-357e026a698b] INFO  o.e.m.i.launch.MavenLaunchDelegate -  mvn -DarchetypeVersion=1.4 -Dpackage=br.com.javaweb.java_jsf -DarchetypeGroupId=org.apache.maven.archetypes -DarchetypeArtifactId=maven-archetype-quickstart -DgroupId=br.com.javaweb -DartifactId=java-jsf -DoutputDirectory=C:\Users\ralfb\javaJsgCurso -Dversion=0.0.1-SNAPSHOT -Dstyle.color=always -U archetype:generate
2022-12-25 10:16:34,051 [Worker-27: Launching mavenrun-6ff9993c-c5ea-479f-b2c6-c24f8e3843c4] INFO  o.e.m.i.launch.MavenLaunchDelegate - C:\Users\ralfb\javaJsgCurso
2022-12-25 10:16:34,052 [Worker-27: Launching mavenrun-6ff9993c-c5ea-479f-b2c6-c24f8e3843c4] INFO  o.e.m.i.launch.MavenLaunchDelegate -  mvn -DarchetypeVersion=1.4 -Dpackage=br.com.javaweb.java_web -DarchetypeGroupId=org.apache.maven.archetypes -DarchetypeArtifactId=maven-archetype-quickstart -DgroupId=br.com.javaweb -DartifactId=java-web -DoutputDirectory=C:\Users\ralfb\javaJsgCurso -Dversion=0.0.1-SNAPSHOT -Dstyle.color=always -U archetype:generate
2022-12-25 10:16:53,342 [Worker-29: Creating maven-archetype-quickstart] INFO  o.e.m.c.i.p.ProjectConfigurationManager - Collecting project info '/pom.xml' C:\Users\ralfb\javaJsgCurso\java-web\pom.xml
2022-12-25 10:16:54,916 [Worker-29: Creating maven-archetype-quickstart] INFO  o.e.m.c.i.l.LifecycleMappingFactory - Using org.eclipse.m2e.jdt.JarLifecycleMapping lifecycle mapping for MavenProject: br.com.javaweb:java-web:0.0.1-SNAPSHOT @ C:\Users\ralfb\javaJsgCurso\java-web\pom.xml.
2022-12-25 10:16:56,145 [Worker-29: Creating maven-archetype-quickstart] INFO  o.e.m.j.i.AbstractJavaProjectConfigurator - Adding source folder /java-web/src/main/java
2022-12-25 10:16:56,150 [Worker-29: Creating maven-archetype-quickstart] INFO  o.e.m.j.i.AbstractJavaProjectConfigurator - Adding source folder /java-web/src/test/java
2022-12-25 10:16:56,237 [Worker-29: Creating maven-archetype-quickstart] INFO  o.e.m.c.i.p.ProjectConfigurationManager - Imported and configured 1 project(s) in 2 sec
2022-12-25 10:16:56,621 [Worker-33: Building] INFO  o.e.m.c.i.embedder.EclipseLogger - Using 'UTF-8' encoding to copy filtered resources.
2022-12-25 10:16:56,621 [Worker-33: Building] INFO  o.e.m.c.i.embedder.EclipseLogger - skip non existing resourceDirectory C:\Users\ralfb\javaJsgCurso\java-web\src\main\resources
2022-12-25 10:16:56,624 [Worker-33: Building] INFO  o.e.m.c.i.embedder.EclipseLogger - Using 'UTF-8' encoding to copy filtered resources.
2022-12-25 10:16:56,624 [Worker-33: Building] INFO  o.e.m.c.i.embedder.EclipseLogger - skip non existing resourceDirectory C:\Users\ralfb\javaJsgCurso\java-web\src\test\resources
2022-12-25 10:17:38,173 [Worker-29: Building] INFO  o.e.m.c.i.embedder.EclipseLogger - Using 'UTF-8' encoding to copy filtered resources.
2022-12-25 10:17:38,174 [Worker-29: Building] INFO  o.e.m.c.i.embedder.EclipseLogger - skip non existing resourceDirectory C:\Users\ralfb\javaJsgCurso\java-web\src\main\resources
2022-12-25 10:17:38,176 [Worker-29: Building] INFO  o.e.m.c.i.embedder.EclipseLogger - Using 'UTF-8' encoding to copy filtered resources.
2022-12-25 10:17:38,177 [Worker-29: Building] INFO  o.e.m.c.i.embedder.EclipseLogger - skip non existing resourceDirectory C:\Users\ralfb\javaJsgCurso\java-web\src\test\resources
2022-12-25 10:18:36,946 [Worker-27: Building Project java-web] INFO  o.e.m.c.i.embedder.EclipseLogger - Using 'UTF-8' encoding to copy filtered resources.
2022-12-25 10:18:36,947 [Worker-27: Building Project java-web] INFO  o.e.m.c.i.embedder.EclipseLogger - skip non existing resourceDirectory C:\Users\ralfb\javaJsgCurso\java-web\src\main\resources
2022-12-25 10:18:36,949 [Worker-27: Building Project java-web] INFO  o.e.m.c.i.embedder.EclipseLogger - Using 'UTF-8' encoding to copy filtered resources.
2022-12-25 10:18:36,949 [Worker-27: Building Project java-web] INFO  o.e.m.c.i.embedder.EclipseLogger - skip non existing resourceDirectory C:\Users\ralfb\javaJsgCurso\java-web\src\test\resources
2022-12-25 10:19:08,720 [Worker-27: Building Project java-web] INFO  o.e.m.c.i.embedder.EclipseLogger - Using 'UTF-8' encoding to copy filtered resources.
2022-12-25 10:19:08,720 [Worker-27: Building Project java-web] INFO  o.e.m.c.i.embedder.EclipseLogger - skip non existing resourceDirectory C:\Users\ralfb\javaJsgCurso\java-web\src\main\resources
2022-12-25 10:19:08,722 [Worker-27: Building Project java-web] INFO  o.e.m.c.i.embedder.EclipseLogger - Using 'UTF-8' encoding to copy filtered resources.
2022-12-25 10:19:08,722 [Worker-27: Building Project java-web] INFO  o.e.m.c.i.embedder.EclipseLogger - skip non existing resourceDirectory C:\Users\ralfb\javaJsgCurso\java-web\src\test\resources
2022-12-25 10:19:41,556 [Worker-29: Building] INFO  o.e.m.c.i.embedder.EclipseLogger - Using 'UTF-8' encoding to copy filtered resources.
2022-12-25 10:19:41,556 [Worker-29: Building] INFO  o.e.m.c.i.embedder.EclipseLogger - skip non existing resourceDirectory C:\Users\ralfb\javaJsgCurso\java-web\src\main\resources
2022-12-25 10:19:41,558 [Worker-29: Building] INFO  o.e.m.c.i.embedder.EclipseLogger - Using 'UTF-8' encoding to copy filtered resources.
2022-12-25 10:19:41,558 [Worker-29: Building] INFO  o.e.m.c.i.embedder.EclipseLogger - skip non existing resourceDirectory C:\Users\ralfb\javaJsgCurso\java-web\src\test\resources
2022-12-25 10:19:47,048 [Worker-34: Rebuilding] INFO  o.e.m.c.i.embedder.EclipseLogger - Using 'UTF-8' encoding to copy filtered resources.
2022-12-25 10:19:47,048 [Worker-34: Rebuilding] INFO  o.e.m.c.i.embedder.EclipseLogger - skip non existing resourceDirectory C:\Users\ralfb\javaJsgCurso\java-web\src\main\resources
2022-12-25 10:19:47,050 [Worker-34: Rebuilding] INFO  o.e.m.c.i.embedder.EclipseLogger - Using 'UTF-8' encoding to copy filtered resources.
2022-12-25 10:19:47,051 [Worker-34: Rebuilding] INFO  o.e.m.c.i.embedder.EclipseLogger - skip non existing resourceDirectory C:\Users\ralfb\javaJsgCurso\java-web\src\test\resources
2022-12-25 10:21:00,844 [Worker-34: Building] INFO  o.e.m.c.i.embedder.EclipseLogger - Using 'UTF-8' encoding to copy filtered resources.
2022-12-25 10:21:00,844 [Worker-34: Building] INFO  o.e.m.c.i.embedder.EclipseLogger - skip non existing resourceDirectory C:\Users\ralfb\javaJsgCurso\java-web\src\main\resources
2022-12-25 10:21:00,846 [Worker-34: Building] INFO  o.e.m.c.i.embedder.EclipseLogger - Using 'UTF-8' encoding to copy filtered resources.
2022-12-25 10:21:00,847 [Worker-34: Building] INFO  o.e.m.c.i.embedder.EclipseLogger - skip non existing resourceDirectory C:\Users\ralfb\javaJsgCurso\java-web\src\test\resources
2022-12-25 10:21:56,332 [Worker-29: Building] INFO  o.e.m.c.i.embedder.EclipseLogger - Using 'UTF-8' encoding to copy filtered resources.
2022-12-25 10:21:56,333 [Worker-29: Building] INFO  o.e.m.c.i.embedder.EclipseLogger - skip non existing resourceDirectory C:\Users\ralfb\javaJsgCurso\java-web\src\main\resources
2022-12-25 10:21:56,341 [Worker-29: Building] INFO  o.e.m.c.i.embedder.EclipseLogger - Using 'UTF-8' encoding to copy filtered resources.
2022-12-25 10:21:56,342 [Worker-29: Building] INFO  o.e.m.c.i.embedder.EclipseLogger - skip non existing resourceDirectory C:\Users\ralfb\javaJsgCurso\java-web\src\test\resources
2022-12-25 10:22:49,787 [Worker-34: Building] INFO  o.e.m.c.i.embedder.EclipseLogger - Using 'UTF-8' encoding to copy filtered resources.
2022-12-25 10:22:49,787 [Worker-34: Building] INFO  o.e.m.c.i.embedder.EclipseLogger - skip non existing resourceDirectory C:\Users\ralfb\javaJsgCurso\java-web\src\main\resources
2022-12-25 10:22:49,790 [Worker-34: Building] INFO  o.e.m.c.i.embedder.EclipseLogger - Using 'UTF-8' encoding to copy filtered resources.
2022-12-25 10:22:49,790 [Worker-34: Building] INFO  o.e.m.c.i.embedder.EclipseLogger - skip non existing resourceDirectory C:\Users\ralfb\javaJsgCurso\java-web\src\test\resources
2022-12-25 10:23:15,695 [Worker-27: Building] INFO  o.e.m.c.i.embedder.EclipseLogger - Using 'UTF-8' encoding to copy filtered resources.
2022-12-25 10:23:15,695 [Worker-27: Building] INFO  o.e.m.c.i.embedder.EclipseLogger - skip non existing resourceDirectory C:\Users\ralfb\javaJsgCurso\java-web\src\main\resources
2022-12-25 10:23:15,698 [Worker-27: Building] INFO  o.e.m.c.i.embedder.EclipseLogger - Using 'UTF-8' encoding to copy filtered resources.
2022-12-25 10:23:15,699 [Worker-27: Building] INFO  o.e.m.c.i.embedder.EclipseLogger - skip non existing resourceDirectory C:\Users\ralfb\javaJsgCurso\java-web\src\test\resources
2022-12-25 10:23:24,227 [Worker-34: Building] INFO  o.e.m.c.i.embedder.EclipseLogger - Using 'UTF-8' encoding to copy filtered resources.
2022-12-25 10:23:24,228 [Worker-34: Building] INFO  o.e.m.c.i.embedder.EclipseLogger - skip non existing resourceDirectory C:\Users\ralfb\javaJsgCurso\java-web\src\main\resources
2022-12-25 10:23:24,230 [Worker-34: Building] INFO  o.e.m.c.i.embedder.EclipseLogger - Using 'UTF-8' encoding to copy filtered resources.
2022-12-25 10:23:24,232 [Worker-34: Building] INFO  o.e.m.c.i.embedder.EclipseLogger - skip non existing resourceDirectory C:\Users\ralfb\javaJsgCurso\java-web\src\test\resources
2022-12-25 10:23:34,396 [Worker-34: Building] INFO  o.e.m.c.i.embedder.EclipseLogger - Using 'UTF-8' encoding to copy filtered resources.
2022-12-25 10:23:34,396 [Worker-34: Building] INFO  o.e.m.c.i.embedder.EclipseLogger - skip non existing resourceDirectory C:\Users\ralfb\javaJsgCurso\java-web\src\main\resources
2022-12-25 10:23:34,399 [Worker-34: Building] INFO  o.e.m.c.i.embedder.EclipseLogger - Using 'UTF-8' encoding to copy filtered resources.
2022-12-25 10:23:34,399 [Worker-34: Building] INFO  o.e.m.c.i.embedder.EclipseLogger - skip non existing resourceDirectory C:\Users\ralfb\javaJsgCurso\java-web\src\test\resources
2022-12-25 10:26:28,224 [Worker-33: Building] INFO  o.e.m.c.i.l.LifecycleMappingFactory - Using org.eclipse.m2e.jdt.JarLifecycleMapping lifecycle mapping for MavenProject: br.com.javaweb:java-web:0.0.1-SNAPSHOT @ C:\Users\ralfb\javaJsgCurso\java-web\pom.xml.
2022-12-25 10:26:28,542 [Worker-33: Building] INFO  o.e.m.c.i.embedder.EclipseLogger - Using 'UTF-8' encoding to copy filtered resources.
2022-12-25 10:26:28,543 [Worker-33: Building] INFO  o.e.m.c.i.embedder.EclipseLogger - skip non existing resourceDirectory C:\Users\ralfb\javaJsgCurso\java-web\src\main\resources
2022-12-25 10:26:28,547 [Worker-33: Building] INFO  o.e.m.c.i.embedder.EclipseLogger - Using 'UTF-8' encoding to copy filtered resources.
2022-12-25 10:26:28,547 [Worker-33: Building] INFO  o.e.m.c.i.embedder.EclipseLogger - skip non existing resourceDirectory C:\Users\ralfb\javaJsgCurso\java-web\src\test\resources
2022-12-25 10:26:29,795 [Worker-37: Building] INFO  o.e.m.c.i.embedder.EclipseLogger - Using 'UTF-8' encoding to copy filtered resources.
2022-12-25 10:26:29,796 [Worker-37: Building] INFO  o.e.m.c.i.embedder.EclipseLogger - skip non existing resourceDirectory C:\Users\ralfb\javaJsgCurso\java-web\src\main\resources
2022-12-25 10:26:29,798 [Worker-37: Building] INFO  o.e.m.c.i.embedder.EclipseLogger - Using 'UTF-8' encoding to copy filtered resources.
2022-12-25 10:26:29,798 [Worker-37: Building] INFO  o.e.m.c.i.embedder.EclipseLogger - skip non existing resourceDirectory C:\Users\ralfb\javaJsgCurso\java-web\src\test\resources
2022-12-25 10:27:40,571 [Worker-38: Building] INFO  o.e.m.c.i.embedder.EclipseLogger - Using 'UTF-8' encoding to copy filtered resources.
2022-12-25 10:27:40,571 [Worker-38: Building] INFO  o.e.m.c.i.embedder.EclipseLogger - skip non existing resourceDirectory C:\Users\ralfb\javaJsgCurso\java-web\src\main\resources
2022-12-25 10:27:40,572 [Worker-38: Building] INFO  o.e.m.c.i.embedder.EclipseLogger - Using 'UTF-8' encoding to copy filtered resources.
2022-12-25 10:27:40,573 [Worker-38: Building] INFO  o.e.m.c.i.embedder.EclipseLogger - skip non existing resourceDirectory C:\Users\ralfb\javaJsgCurso\java-web\src\test\resources
2022-12-25 10:28:29,289 [Worker-33: Building] INFO  o.e.m.c.i.embedder.EclipseLogger - Using 'UTF-8' encoding to copy filtered resources.
2022-12-25 10:28:29,289 [Worker-33: Building] INFO  o.e.m.c.i.embedder.EclipseLogger - skip non existing resourceDirectory C:\Users\ralfb\javaJsgCurso\java-web\src\main\resources
2022-12-25 10:28:29,291 [Worker-33: Building] INFO  o.e.m.c.i.embedder.EclipseLogger - Using 'UTF-8' encoding to copy filtered resources.
2022-12-25 10:28:29,291 [Worker-33: Building] INFO  o.e.m.c.i.embedder.EclipseLogger - skip non existing resourceDirectory C:\Users\ralfb\javaJsgCurso\java-web\src\test\resources
2022-12-25 10:40:18,973 [Worker-3: Loading available Gradle versions] INFO  o.e.b.c.i.u.g.PublishedGradleVersions - Gradle version information cache is up-to-date. Trying to read.
2022-12-25 10:40:22,051 [Worker-6: Building] INFO  o.e.m.c.i.embedder.EclipseLogger - Using 'UTF-8' encoding to copy filtered resources.
2022-12-25 10:40:22,054 [Worker-6: Building] INFO  o.e.m.c.i.embedder.EclipseLogger - skip non existing resourceDirectory C:\Users\ralfb\javaJsgCurso\java-web\src\main\resources
2022-12-25 10:40:22,062 [Worker-6: Building] INFO  o.e.m.c.i.embedder.EclipseLogger - Using 'UTF-8' encoding to copy filtered resources.
2022-12-25 10:40:22,063 [Worker-6: Building] INFO  o.e.m.c.i.embedder.EclipseLogger - skip non existing resourceDirectory C:\Users\ralfb\javaJsgCurso\java-web\src\test\resources
2022-12-25 10:49:01,561 [Worker-22: Building] INFO  o.e.m.c.i.embedder.EclipseLogger - Using 'UTF-8' encoding to copy filtered resources.
2022-12-25 10:49:01,561 [Worker-22: Building] INFO  o.e.m.c.i.embedder.EclipseLogger - skip non existing resourceDirectory C:\Users\ralfb\javaJsgCurso\java-web\src\main\resources
2022-12-25 10:49:01,563 [Worker-22: Building] INFO  o.e.m.c.i.embedder.EclipseLogger - Using 'UTF-8' encoding to copy filtered resources.
2022-12-25 10:49:01,564 [Worker-22: Building] INFO  o.e.m.c.i.embedder.EclipseLogger - skip non existing resourceDirectory C:\Users\ralfb\javaJsgCurso\java-web\src\test\resources
2022-12-25 10:49:31,088 [Worker-21: Building] INFO  o.e.m.c.i.embedder.EclipseLogger - Using 'UTF-8' encoding to copy filtered resources.
2022-12-25 10:49:31,088 [Worker-21: Building] INFO  o.e.m.c.i.embedder.EclipseLogger - skip non existing resourceDirectory C:\Users\ralfb\javaJsgCurso\java-web\src\main\resources
2022-12-25 10:49:31,090 [Worker-21: Building] INFO  o.e.m.c.i.embedder.EclipseLogger - Using 'UTF-8' encoding to copy filtered resources.
2022-12-25 10:49:31,090 [Worker-21: Building] INFO  o.e.m.c.i.embedder.EclipseLogger - skip non existing resourceDirectory C:\Users\ralfb\javaJsgCurso\java-web\src\test\resources
2022-12-25 10:50:00,883 [Worker-23: Building] INFO  o.e.m.c.i.embedder.EclipseLogger - Using 'UTF-8' encoding to copy filtered resources.
2022-12-25 10:50:00,883 [Worker-23: Building] INFO  o.e.m.c.i.embedder.EclipseLogger - skip non existing resourceDirectory C:\Users\ralfb\javaJsgCurso\java-web\src\main\resources
2022-12-25 10:50:00,887 [Worker-23: Building] INFO  o.e.m.c.i.embedder.EclipseLogger - Using 'UTF-8' encoding to copy filtered resources.
2022-12-25 10:50:00,888 [Worker-23: Building] INFO  o.e.m.c.i.embedder.EclipseLogger - skip non existing resourceDirectory C:\Users\ralfb\javaJsgCurso\java-web\src\test\resources
2022-12-25 10:50:53,251 [Worker-21: Building] INFO  o.e.m.c.i.embedder.EclipseLogger - Using 'UTF-8' encoding to copy filtered resources.
2022-12-25 10:50:53,252 [Worker-21: Building] INFO  o.e.m.c.i.embedder.EclipseLogger - skip non existing resourceDirectory C:\Users\ralfb\javaJsgCurso\java-web\src\main\resources
2022-12-25 10:50:53,254 [Worker-21: Building] INFO  o.e.m.c.i.embedder.EclipseLogger - Using 'UTF-8' encoding to copy filtered resources.
2022-12-25 10:50:53,254 [Worker-21: Building] INFO  o.e.m.c.i.embedder.EclipseLogger - skip non existing resourceDirectory C:\Users\ralfb\javaJsgCurso\java-web\src\test\resources
2022-12-25 10:57:03,456 [Worker-21: Building] INFO  o.e.m.c.i.embedder.EclipseLogger - Using 'UTF-8' encoding to copy filtered resources.
2022-12-25 10:57:03,456 [Worker-21: Building] INFO  o.e.m.c.i.embedder.EclipseLogger - skip non existing resourceDirectory C:\Users\ralfb\javaJsgCurso\java-web\src\main\resources
2022-12-25 10:57:03,459 [Worker-21: Building] INFO  o.e.m.c.i.embedder.EclipseLogger - Using 'UTF-8' encoding to copy filtered resources.
2022-12-25 10:57:03,459 [Worker-21: Building] INFO  o.e.m.c.i.embedder.EclipseLogger - skip non existing resourceDirectory C:\Users\ralfb\javaJsgCurso\java-web\src\test\resources
2022-12-25 10:57:59,710 [Worker-21: Building] INFO  o.e.m.c.i.embedder.EclipseLogger - Using 'UTF-8' encoding to copy filtered resources.
2022-12-25 10:57:59,711 [Worker-21: Building] INFO  o.e.m.c.i.embedder.EclipseLogger - skip non existing resourceDirectory C:\Users\ralfb\javaJsgCurso\java-web\src\main\resources
2022-12-25 10:57:59,713 [Worker-21: Building] INFO  o.e.m.c.i.embedder.EclipseLogger - Using 'UTF-8' encoding to copy filtered resources.
2022-12-25 10:57:59,713 [Worker-21: Building] INFO  o.e.m.c.i.embedder.EclipseLogger - skip non existing resourceDirectory C:\Users\ralfb\javaJsgCurso\java-web\src\test\resources
2022-12-25 11:03:49,109 [Worker-30: Building] INFO  o.e.m.c.i.embedder.EclipseLogger - Using 'UTF-8' encoding to copy filtered resources.
2022-12-25 11:03:49,110 [Worker-30: Building] INFO  o.e.m.c.i.embedder.EclipseLogger - skip non existing resourceDirectory C:\Users\ralfb\javaJsgCurso\java-web\src\main\resources
2022-12-25 11:03:49,113 [Worker-30: Building] INFO  o.e.m.c.i.embedder.EclipseLogger - Using 'UTF-8' encoding to copy filtered resources.
2022-12-25 11:03:49,113 [Worker-30: Building] INFO  o.e.m.c.i.embedder.EclipseLogger - skip non existing resourceDirectory C:\Users\ralfb\javaJsgCurso\java-web\src\test\resources
2022-12-25 11:05:01,925 [Worker-32: Building] INFO  o.e.m.c.i.embedder.EclipseLogger - Using 'UTF-8' encoding to copy filtered resources.
2022-12-25 11:05:01,925 [Worker-32: Building] INFO  o.e.m.c.i.embedder.EclipseLogger - skip non existing resourceDirectory C:\Users\ralfb\javaJsgCurso\java-web\src\main\resources
2022-12-25 11:05:01,927 [Worker-32: Building] INFO  o.e.m.c.i.embedder.EclipseLogger - Using 'UTF-8' encoding to copy filtered resources.
2022-12-25 11:05:01,927 [Worker-32: Building] INFO  o.e.m.c.i.embedder.EclipseLogger - skip non existing resourceDirectory C:\Users\ralfb\javaJsgCurso\java-web\src\test\resources
2022-12-25 11:05:50,087 [Worker-30: Building] INFO  o.e.m.c.i.embedder.EclipseLogger - Using 'UTF-8' encoding to copy filtered resources.
2022-12-25 11:05:50,088 [Worker-30: Building] INFO  o.e.m.c.i.embedder.EclipseLogger - skip non existing resourceDirectory C:\Users\ralfb\javaJsgCurso\java-web\src\main\resources
2022-12-25 11:05:50,090 [Worker-30: Building] INFO  o.e.m.c.i.embedder.EclipseLogger - Using 'UTF-8' encoding to copy filtered resources.
2022-12-25 11:05:50,092 [Worker-30: Building] INFO  o.e.m.c.i.embedder.EclipseLogger - skip non existing resourceDirectory C:\Users\ralfb\javaJsgCurso\java-web\src\test\resources
2022-12-25 11:06:32,290 [Worker-31: Building] INFO  o.e.m.c.i.embedder.EclipseLogger - Using 'UTF-8' encoding to copy filtered resources.
2022-12-25 11:06:32,290 [Worker-31: Building] INFO  o.e.m.c.i.embedder.EclipseLogger - skip non existing resourceDirectory C:\Users\ralfb\javaJsgCurso\java-web\src\main\resources
2022-12-25 11:06:32,292 [Worker-31: Building] INFO  o.e.m.c.i.embedder.EclipseLogger - Using 'UTF-8' encoding to copy filtered resources.
2022-12-25 11:06:32,292 [Worker-31: Building] INFO  o.e.m.c.i.embedder.EclipseLogger - skip non existing resourceDirectory C:\Users\ralfb\javaJsgCurso\java-web\src\test\resources
2022-12-25 11:16:43,631 [Worker-34: Building] INFO  o.e.m.c.i.embedder.EclipseLogger - Using 'UTF-8' encoding to copy filtered resources.
2022-12-25 11:16:43,631 [Worker-34: Building] INFO  o.e.m.c.i.embedder.EclipseLogger - skip non existing resourceDirectory C:\Users\ralfb\javaJsgCurso\java-web\src\main\resources
2022-12-25 11:16:43,635 [Worker-34: Building] INFO  o.e.m.c.i.embedder.EclipseLogger - Using 'UTF-8' encoding to copy filtered resources.
2022-12-25 11:16:43,636 [Worker-34: Building] INFO  o.e.m.c.i.embedder.EclipseLogger - skip non existing resourceDirectory C:\Users\ralfb\javaJsgCurso\java-web\src\test\resources
2022-12-25 11:19:13,816 [Worker-37: Building] INFO  o.e.m.c.i.embedder.EclipseLogger - Using 'UTF-8' encoding to copy filtered resources.
2022-12-25 11:19:13,817 [Worker-37: Building] INFO  o.e.m.c.i.embedder.EclipseLogger - skip non existing resourceDirectory C:\Users\ralfb\javaJsgCurso\java-web\src\main\resources
2022-12-25 11:19:13,819 [Worker-37: Building] INFO  o.e.m.c.i.embedder.EclipseLogger - Using 'UTF-8' encoding to copy filtered resources.
2022-12-25 11:19:13,820 [Worker-37: Building] INFO  o.e.m.c.i.embedder.EclipseLogger - skip non existing resourceDirectory C:\Users\ralfb\javaJsgCurso\java-web\src\test\resources
2022-12-25 11:19:17,355 [Worker-37: Building] INFO  o.e.m.c.i.embedder.EclipseLogger - Using 'UTF-8' encoding to copy filtered resources.
2022-12-25 11:19:17,355 [Worker-37: Building] INFO  o.e.m.c.i.embedder.EclipseLogger - skip non existing resourceDirectory C:\Users\ralfb\javaJsgCurso\java-web\src\main\resources
2022-12-25 11:19:17,358 [Worker-37: Building] INFO  o.e.m.c.i.embedder.EclipseLogger - Using 'UTF-8' encoding to copy filtered resources.
2022-12-25 11:19:17,358 [Worker-37: Building] INFO  o.e.m.c.i.embedder.EclipseLogger - skip non existing resourceDirectory C:\Users\ralfb\javaJsgCurso\java-web\src\test\resources
2022-12-25 11:20:29,943 [Worker-38: Building] INFO  o.e.m.c.i.embedder.EclipseLogger - Using 'UTF-8' encoding to copy filtered resources.
2022-12-25 11:20:29,943 [Worker-38: Building] INFO  o.e.m.c.i.embedder.EclipseLogger - skip non existing resourceDirectory C:\Users\ralfb\javaJsgCurso\java-web\src\main\resources
2022-12-25 11:20:29,947 [Worker-38: Building] INFO  o.e.m.c.i.embedder.EclipseLogger - Using 'UTF-8' encoding to copy filtered resources.
2022-12-25 11:20:29,947 [Worker-38: Building] INFO  o.e.m.c.i.embedder.EclipseLogger - skip non existing resourceDirectory C:\Users\ralfb\javaJsgCurso\java-web\src\test\resources
2022-12-25 11:20:36,564 [Worker-34: Building] INFO  o.e.m.c.i.embedder.EclipseLogger - Using 'UTF-8' encoding to copy filtered resources.
2022-12-25 11:20:36,564 [Worker-34: Building] INFO  o.e.m.c.i.embedder.EclipseLogger - skip non existing resourceDirectory C:\Users\ralfb\javaJsgCurso\java-web\src\main\resources
2022-12-25 11:20:36,567 [Worker-34: Building] INFO  o.e.m.c.i.embedder.EclipseLogger - Using 'UTF-8' encoding to copy filtered resources.
2022-12-25 11:20:36,567 [Worker-34: Building] INFO  o.e.m.c.i.embedder.EclipseLogger - skip non existing resourceDirectory C:\Users\ralfb\javaJsgCurso\java-web\src\test\resources
2022-12-25 11:24:04,856 [Worker-36: Building] INFO  o.e.m.c.i.embedder.EclipseLogger - Using 'UTF-8' encoding to copy filtered resources.
2022-12-25 11:24:04,857 [Worker-36: Building] INFO  o.e.m.c.i.embedder.EclipseLogger - skip non existing resourceDirectory C:\Users\ralfb\javaJsgCurso\java-web\src\main\resources
2022-12-25 11:24:04,860 [Worker-36: Building] INFO  o.e.m.c.i.embedder.EclipseLogger - Using 'UTF-8' encoding to copy filtered resources.
2022-12-25 11:24:04,860 [Worker-36: Building] INFO  o.e.m.c.i.embedder.EclipseLogger - skip non existing resourceDirectory C:\Users\ralfb\javaJsgCurso\java-web\src\test\resources
2022-12-25 11:24:26,608 [Worker-41: Building] INFO  o.e.m.c.i.embedder.EclipseLogger - Using 'UTF-8' encoding to copy filtered resources.
2022-12-25 11:24:26,608 [Worker-41: Building] INFO  o.e.m.c.i.embedder.EclipseLogger - skip non existing resourceDirectory C:\Users\ralfb\javaJsgCurso\java-web\src\main\resources
2022-12-25 11:24:26,609 [Worker-41: Building] INFO  o.e.m.c.i.embedder.EclipseLogger - Using 'UTF-8' encoding to copy filtered resources.
2022-12-25 11:24:26,609 [Worker-41: Building] INFO  o.e.m.c.i.embedder.EclipseLogger - skip non existing resourceDirectory C:\Users\ralfb\javaJsgCurso\java-web\src\test\resources
2022-12-25 11:24:48,257 [Worker-41: Building] INFO  o.e.m.c.i.embedder.EclipseLogger - Using 'UTF-8' encoding to copy filtered resources.
2022-12-25 11:24:48,258 [Worker-41: Building] INFO  o.e.m.c.i.embedder.EclipseLogger - skip non existing resourceDirectory C:\Users\ralfb\javaJsgCurso\java-web\src\main\resources
2022-12-25 11:24:48,259 [Worker-41: Building] INFO  o.e.m.c.i.embedder.EclipseLogger - Using 'UTF-8' encoding to copy filtered resources.
2022-12-25 11:24:48,260 [Worker-41: Building] INFO  o.e.m.c.i.embedder.EclipseLogger - skip non existing resourceDirectory C:\Users\ralfb\javaJsgCurso\java-web\src\test\resources
2022-12-25 11:29:28,153 [Worker-43: Building] INFO  o.e.m.c.i.embedder.EclipseLogger - Using 'UTF-8' encoding to copy filtered resources.
2022-12-25 11:29:28,153 [Worker-43: Building] INFO  o.e.m.c.i.embedder.EclipseLogger - skip non existing resourceDirectory C:\Users\ralfb\javaJsgCurso\java-web\src\main\resources
2022-12-25 11:29:28,156 [Worker-43: Building] INFO  o.e.m.c.i.embedder.EclipseLogger - Using 'UTF-8' encoding to copy filtered resources.
2022-12-25 11:29:28,156 [Worker-43: Building] INFO  o.e.m.c.i.embedder.EclipseLogger - skip non existing resourceDirectory C:\Users\ralfb\javaJsgCurso\java-web\src\test\resources
2022-12-25 11:29:31,094 [Worker-40: Building] INFO  o.e.m.c.i.embedder.EclipseLogger - Using 'UTF-8' encoding to copy filtered resources.
2022-12-25 11:29:31,094 [Worker-40: Building] INFO  o.e.m.c.i.embedder.EclipseLogger - skip non existing resourceDirectory C:\Users\ralfb\javaJsgCurso\java-web\src\main\resources
2022-12-25 11:29:31,096 [Worker-40: Building] INFO  o.e.m.c.i.embedder.EclipseLogger - Using 'UTF-8' encoding to copy filtered resources.
2022-12-25 11:29:31,096 [Worker-40: Building] INFO  o.e.m.c.i.embedder.EclipseLogger - skip non existing resourceDirectory C:\Users\ralfb\javaJsgCurso\java-web\src\test\resources
2022-12-25 11:32:41,146 [Worker-40: Building] INFO  o.e.m.c.i.embedder.EclipseLogger - Using 'UTF-8' encoding to copy filtered resources.
2022-12-25 11:32:41,147 [Worker-40: Building] INFO  o.e.m.c.i.embedder.EclipseLogger - skip non existing resourceDirectory C:\Users\ralfb\javaJsgCurso\java-web\src\main\resources
2022-12-25 11:32:41,148 [Worker-40: Building] INFO  o.e.m.c.i.embedder.EclipseLogger - Using 'UTF-8' encoding to copy filtered resources.
2022-12-25 11:32:41,149 [Worker-40: Building] INFO  o.e.m.c.i.embedder.EclipseLogger - skip non existing resourceDirectory C:\Users\ralfb\javaJsgCurso\java-web\src\test\resources
2022-12-25 11:32:59,720 [Worker-44: Building] INFO  o.e.m.c.i.embedder.EclipseLogger - Using 'UTF-8' encoding to copy filtered resources.
2022-12-25 11:32:59,720 [Worker-44: Building] INFO  o.e.m.c.i.embedder.EclipseLogger - skip non existing resourceDirectory C:\Users\ralfb\javaJsgCurso\java-web\src\main\resources
2022-12-25 11:32:59,722 [Worker-44: Building] INFO  o.e.m.c.i.embedder.EclipseLogger - Using 'UTF-8' encoding to copy filtered resources.
2022-12-25 11:32:59,722 [Worker-44: Building] INFO  o.e.m.c.i.embedder.EclipseLogger - skip non existing resourceDirectory C:\Users\ralfb\javaJsgCurso\java-web\src\test\resources
2022-12-25 11:33:03,227 [Worker-44: Building] INFO  o.e.m.c.i.embedder.EclipseLogger - Using 'UTF-8' encoding to copy filtered resources.
2022-12-25 11:33:03,228 [Worker-44: Building] INFO  o.e.m.c.i.embedder.EclipseLogger - skip non existing resourceDirectory C:\Users\ralfb\javaJsgCurso\java-web\src\main\resources
2022-12-25 11:33:03,230 [Worker-44: Building] INFO  o.e.m.c.i.embedder.EclipseLogger - Using 'UTF-8' encoding to copy filtered resources.
2022-12-25 11:33:03,231 [Worker-44: Building] INFO  o.e.m.c.i.embedder.EclipseLogger - skip non existing resourceDirectory C:\Users\ralfb\javaJsgCurso\java-web\src\test\resources
2022-12-25 11:33:56,645 [Worker-40: Building] INFO  o.e.m.c.i.embedder.EclipseLogger - Using 'UTF-8' encoding to copy filtered resources.
2022-12-25 11:33:56,645 [Worker-40: Building] INFO  o.e.m.c.i.embedder.EclipseLogger - skip non existing resourceDirectory C:\Users\ralfb\javaJsgCurso\java-web\src\main\resources
2022-12-25 11:33:56,646 [Worker-40: Building] INFO  o.e.m.c.i.embedder.EclipseLogger - Using 'UTF-8' encoding to copy filtered resources.
2022-12-25 11:33:56,646 [Worker-40: Building] INFO  o.e.m.c.i.embedder.EclipseLogger - skip non existing resourceDirectory C:\Users\ralfb\javaJsgCurso\java-web\src\test\resources
2022-12-25 11:36:18,435 [Worker-45: Building] INFO  o.e.m.c.i.embedder.EclipseLogger - Using 'UTF-8' encoding to copy filtered resources.
2022-12-25 11:36:18,436 [Worker-45: Building] INFO  o.e.m.c.i.embedder.EclipseLogger - skip non existing resourceDirectory C:\Users\ralfb\javaJsgCurso\java-web\src\main\resources
2022-12-25 11:36:18,438 [Worker-45: Building] INFO  o.e.m.c.i.embedder.EclipseLogger - Using 'UTF-8' encoding to copy filtered resources.
2022-12-25 11:36:18,439 [Worker-45: Building] INFO  o.e.m.c.i.embedder.EclipseLogger - skip non existing resourceDirectory C:\Users\ralfb\javaJsgCurso\java-web\src\test\resources
2022-12-25 11:36:33,842 [Worker-47: Building] INFO  o.e.m.c.i.embedder.EclipseLogger - Using 'UTF-8' encoding to copy filtered resources.
2022-12-25 11:36:33,842 [Worker-47: Building] INFO  o.e.m.c.i.embedder.EclipseLogger - skip non existing resourceDirectory C:\Users\ralfb\javaJsgCurso\java-web\src\main\resources
2022-12-25 11:36:33,845 [Worker-47: Building] INFO  o.e.m.c.i.embedder.EclipseLogger - Using 'UTF-8' encoding to copy filtered resources.
2022-12-25 11:36:33,845 [Worker-47: Building] INFO  o.e.m.c.i.embedder.EclipseLogger - skip non existing resourceDirectory C:\Users\ralfb\javaJsgCurso\java-web\src\test\resources
2022-12-25 11:41:41,709 [Worker-47: Building] INFO  o.e.m.c.i.embedder.EclipseLogger - Using 'UTF-8' encoding to copy filtered resources.
2022-12-25 11:41:41,709 [Worker-47: Building] INFO  o.e.m.c.i.embedder.EclipseLogger - skip non existing resourceDirectory C:\Users\ralfb\javaJsgCurso\java-web\src\main\resources
2022-12-25 11:41:41,711 [Worker-47: Building] INFO  o.e.m.c.i.embedder.EclipseLogger - Using 'UTF-8' encoding to copy filtered resources.
2022-12-25 11:41:41,712 [Worker-47: Building] INFO  o.e.m.c.i.embedder.EclipseLogger - skip non existing resourceDirectory C:\Users\ralfb\javaJsgCurso\java-web\src\test\resources
2022-12-25 11:42:06,145 [Worker-47: Building] INFO  o.e.m.c.i.embedder.EclipseLogger - Using 'UTF-8' encoding to copy filtered resources.
2022-12-25 11:42:06,145 [Worker-47: Building] INFO  o.e.m.c.i.embedder.EclipseLogger - skip non existing resourceDirectory C:\Users\ralfb\javaJsgCurso\java-web\src\main\resources
2022-12-25 11:42:06,147 [Worker-47: Building] INFO  o.e.m.c.i.embedder.EclipseLogger - Using 'UTF-8' encoding to copy filtered resources.
2022-12-25 11:42:06,147 [Worker-47: Building] INFO  o.e.m.c.i.embedder.EclipseLogger - skip non existing resourceDirectory C:\Users\ralfb\javaJsgCurso\java-web\src\test\resources
2022-12-25 11:42:13,915 [Worker-47: Building] INFO  o.e.m.c.i.embedder.EclipseLogger - Using 'UTF-8' encoding to copy filtered resources.
2022-12-25 11:42:13,915 [Worker-47: Building] INFO  o.e.m.c.i.embedder.EclipseLogger - skip non existing resourceDirectory C:\Users\ralfb\javaJsgCurso\java-web\src\main\resources
2022-12-25 11:42:13,917 [Worker-47: Building] INFO  o.e.m.c.i.embedder.EclipseLogger - Using 'UTF-8' encoding to copy filtered resources.
2022-12-25 11:42:13,918 [Worker-47: Building] INFO  o.e.m.c.i.embedder.EclipseLogger - skip non existing resourceDirectory C:\Users\ralfb\javaJsgCurso\java-web\src\test\resources
2022-12-25 11:46:38,369 [Worker-55: Building] INFO  o.e.m.c.i.embedder.EclipseLogger - Using 'UTF-8' encoding to copy filtered resources.
2022-12-25 11:46:38,370 [Worker-55: Building] INFO  o.e.m.c.i.embedder.EclipseLogger - skip non existing resourceDirectory C:\Users\ralfb\javaJsgCurso\java-web\src\main\resources
2022-12-25 11:46:38,372 [Worker-55: Building] INFO  o.e.m.c.i.embedder.EclipseLogger - Using 'UTF-8' encoding to copy filtered resources.
2022-12-25 11:46:38,372 [Worker-55: Building] INFO  o.e.m.c.i.embedder.EclipseLogger - skip non existing resourceDirectory C:\Users\ralfb\javaJsgCurso\java-web\src\test\resources
2022-12-25 11:48:50,835 [Worker-56: Building] INFO  o.e.m.c.i.embedder.EclipseLogger - Using 'UTF-8' encoding to copy filtered resources.
2022-12-25 11:48:50,835 [Worker-56: Building] INFO  o.e.m.c.i.embedder.EclipseLogger - skip non existing resourceDirectory C:\Users\ralfb\javaJsgCurso\java-web\src\main\resources
2022-12-25 11:48:50,838 [Worker-56: Building] INFO  o.e.m.c.i.embedder.EclipseLogger - Using 'UTF-8' encoding to copy filtered resources.
2022-12-25 11:48:50,838 [Worker-56: Building] INFO  o.e.m.c.i.embedder.EclipseLogger - skip non existing resourceDirectory C:\Users\ralfb\javaJsgCurso\java-web\src\test\resources
2022-12-25 11:49:55,996 [Worker-55: Building] INFO  o.e.m.c.i.embedder.EclipseLogger - Using 'UTF-8' encoding to copy filtered resources.
2022-12-25 11:49:55,996 [Worker-55: Building] INFO  o.e.m.c.i.embedder.EclipseLogger - skip non existing resourceDirectory C:\Users\ralfb\javaJsgCurso\java-web\src\main\resources
2022-12-25 11:49:55,998 [Worker-55: Building] INFO  o.e.m.c.i.embedder.EclipseLogger - Using 'UTF-8' encoding to copy filtered resources.
2022-12-25 11:49:55,998 [Worker-55: Building] INFO  o.e.m.c.i.embedder.EclipseLogger - skip non existing resourceDirectory C:\Users\ralfb\javaJsgCurso\java-web\src\test\resources
2022-12-25 11:51:54,822 [Worker-60: Building] INFO  o.e.m.c.i.embedder.EclipseLogger - Using 'UTF-8' encoding to copy filtered resources.
2022-12-25 11:51:54,822 [Worker-60: Building] INFO  o.e.m.c.i.embedder.EclipseLogger - skip non existing resourceDirectory C:\Users\ralfb\javaJsgCurso\java-web\src\main\resources
2022-12-25 11:51:54,824 [Worker-60: Building] INFO  o.e.m.c.i.embedder.EclipseLogger - Using 'UTF-8' encoding to copy filtered resources.
2022-12-25 11:51:54,824 [Worker-60: Building] INFO  o.e.m.c.i.embedder.EclipseLogger - skip non existing resourceDirectory C:\Users\ralfb\javaJsgCurso\java-web\src\test\resources
2022-12-25 11:52:05,734 [Worker-58: Building] INFO  o.e.m.c.i.embedder.EclipseLogger - Using 'UTF-8' encoding to copy filtered resources.
2022-12-25 11:52:05,734 [Worker-58: Building] INFO  o.e.m.c.i.embedder.EclipseLogger - skip non existing resourceDirectory C:\Users\ralfb\javaJsgCurso\java-web\src\main\resources
2022-12-25 11:52:05,735 [Worker-58: Building] INFO  o.e.m.c.i.embedder.EclipseLogger - Using 'UTF-8' encoding to copy filtered resources.
2022-12-25 11:52:05,735 [Worker-58: Building] INFO  o.e.m.c.i.embedder.EclipseLogger - skip non existing resourceDirectory C:\Users\ralfb\javaJsgCurso\java-web\src\test\resources
2022-12-25 13:44:41,836 [Worker-58: Building] INFO  o.e.m.c.i.embedder.EclipseLogger - Using 'UTF-8' encoding to copy filtered resources.
2022-12-25 13:44:41,836 [Worker-58: Building] INFO  o.e.m.c.i.embedder.EclipseLogger - skip non existing resourceDirectory C:\Users\ralfb\javaJsgCurso\java-web\src\main\resources
2022-12-25 13:44:41,840 [Worker-58: Building] INFO  o.e.m.c.i.embedder.EclipseLogger - Using 'UTF-8' encoding to copy filtered resources.
2022-12-25 13:44:41,840 [Worker-58: Building] INFO  o.e.m.c.i.embedder.EclipseLogger - skip non existing resourceDirectory C:\Users\ralfb\javaJsgCurso\java-web\src\test\resources
2022-12-25 13:47:43,446 [Worker-67: Building] INFO  o.e.m.c.i.embedder.EclipseLogger - Using 'UTF-8' encoding to copy filtered resources.
2022-12-25 13:47:43,447 [Worker-67: Building] INFO  o.e.m.c.i.embedder.EclipseLogger - skip non existing resourceDirectory C:\Users\ralfb\javaJsgCurso\java-web\src\main\resources
2022-12-25 13:47:43,450 [Worker-67: Building] INFO  o.e.m.c.i.embedder.EclipseLogger - Using 'UTF-8' encoding to copy filtered resources.
2022-12-25 13:47:43,450 [Worker-67: Building] INFO  o.e.m.c.i.embedder.EclipseLogger - skip non existing resourceDirectory C:\Users\ralfb\javaJsgCurso\java-web\src\test\resources
2022-12-25 13:48:41,306 [Worker-64: Building] INFO  o.e.m.c.i.embedder.EclipseLogger - Using 'UTF-8' encoding to copy filtered resources.
2022-12-25 13:48:41,306 [Worker-64: Building] INFO  o.e.m.c.i.embedder.EclipseLogger - skip non existing resourceDirectory C:\Users\ralfb\javaJsgCurso\java-web\src\main\resources
2022-12-25 13:48:41,309 [Worker-64: Building] INFO  o.e.m.c.i.embedder.EclipseLogger - Using 'UTF-8' encoding to copy filtered resources.
2022-12-25 13:48:41,309 [Worker-64: Building] INFO  o.e.m.c.i.embedder.EclipseLogger - skip non existing resourceDirectory C:\Users\ralfb\javaJsgCurso\java-web\src\test\resources
2022-12-25 13:52:23,227 [Worker-67: Building] INFO  o.e.m.c.i.embedder.EclipseLogger - Using 'UTF-8' encoding to copy filtered resources.
2022-12-25 13:52:23,227 [Worker-67: Building] INFO  o.e.m.c.i.embedder.EclipseLogger - skip non existing resourceDirectory C:\Users\ralfb\javaJsgCurso\java-web\src\main\resources
2022-12-25 13:52:23,228 [Worker-67: Building] INFO  o.e.m.c.i.embedder.EclipseLogger - Using 'UTF-8' encoding to copy filtered resources.
2022-12-25 13:52:23,228 [Worker-67: Building] INFO  o.e.m.c.i.embedder.EclipseLogger - skip non existing resourceDirectory C:\Users\ralfb\javaJsgCurso\java-web\src\test\resources
2022-12-25 13:53:50,664 [Worker-69: Building] INFO  o.e.m.c.i.embedder.EclipseLogger - Using 'UTF-8' encoding to copy filtered resources.
2022-12-25 13:53:50,665 [Worker-69: Building] INFO  o.e.m.c.i.embedder.EclipseLogger - skip non existing resourceDirectory C:\Users\ralfb\javaJsgCurso\java-web\src\main\resources
2022-12-25 13:53:50,666 [Worker-69: Building] INFO  o.e.m.c.i.embedder.EclipseLogger - Using 'UTF-8' encoding to copy filtered resources.
2022-12-25 13:53:50,667 [Worker-69: Building] INFO  o.e.m.c.i.embedder.EclipseLogger - skip non existing resourceDirectory C:\Users\ralfb\javaJsgCurso\java-web\src\test\resources
2022-12-25 13:53:52,830 [Worker-69: Building] INFO  o.e.m.c.i.embedder.EclipseLogger - Using 'UTF-8' encoding to copy filtered resources.
2022-12-25 13:53:52,830 [Worker-69: Building] INFO  o.e.m.c.i.embedder.EclipseLogger - skip non existing resourceDirectory C:\Users\ralfb\javaJsgCurso\java-web\src\main\resources
2022-12-25 13:53:52,831 [Worker-69: Building] INFO  o.e.m.c.i.embedder.EclipseLogger - Using 'UTF-8' encoding to copy filtered resources.
2022-12-25 13:53:52,832 [Worker-69: Building] INFO  o.e.m.c.i.embedder.EclipseLogger - skip non existing resourceDirectory C:\Users\ralfb\javaJsgCurso\java-web\src\test\resources
2022-12-25 13:56:37,735 [Worker-79: Building] INFO  o.e.m.c.i.embedder.EclipseLogger - Using 'UTF-8' encoding to copy filtered resources.
2022-12-25 13:56:37,735 [Worker-79: Building] INFO  o.e.m.c.i.embedder.EclipseLogger - skip non existing resourceDirectory C:\Users\ralfb\javaJsgCurso\java-web\src\main\resources
2022-12-25 13:56:37,736 [Worker-79: Building] INFO  o.e.m.c.i.embedder.EclipseLogger - Using 'UTF-8' encoding to copy filtered resources.
2022-12-25 13:56:37,736 [Worker-79: Building] INFO  o.e.m.c.i.embedder.EclipseLogger - skip non existing resourceDirectory C:\Users\ralfb\javaJsgCurso\java-web\src\test\resources
2022-12-25 13:56:57,528 [Worker-79: Building] INFO  o.e.m.c.i.embedder.EclipseLogger - Using 'UTF-8' encoding to copy filtered resources.
2022-12-25 13:56:57,528 [Worker-79: Building] INFO  o.e.m.c.i.embedder.EclipseLogger - skip non existing resourceDirectory C:\Users\ralfb\javaJsgCurso\java-web\src\main\resources
2022-12-25 13:56:57,530 [Worker-79: Building] INFO  o.e.m.c.i.embedder.EclipseLogger - Using 'UTF-8' encoding to copy filtered resources.
2022-12-25 13:56:57,530 [Worker-79: Building] INFO  o.e.m.c.i.embedder.EclipseLogger - skip non existing resourceDirectory C:\Users\ralfb\javaJsgCurso\java-web\src\test\resources
2022-12-25 13:57:45,358 [Worker-78: Building] INFO  o.e.m.c.i.embedder.EclipseLogger - Using 'UTF-8' encoding to copy filtered resources.
2022-12-25 13:57:45,358 [Worker-78: Building] INFO  o.e.m.c.i.embedder.EclipseLogger - skip non existing resourceDirectory C:\Users\ralfb\javaJsgCurso\java-web\src\main\resources
2022-12-25 13:57:45,360 [Worker-78: Building] INFO  o.e.m.c.i.embedder.EclipseLogger - Using 'UTF-8' encoding to copy filtered resources.
2022-12-25 13:57:45,360 [Worker-78: Building] INFO  o.e.m.c.i.embedder.EclipseLogger - skip non existing resourceDirectory C:\Users\ralfb\javaJsgCurso\java-web\src\test\resources
2022-12-25 13:58:18,983 [Worker-77: Building] INFO  o.e.m.c.i.embedder.EclipseLogger - Using 'UTF-8' encoding to copy filtered resources.
2022-12-25 13:58:18,984 [Worker-77: Building] INFO  o.e.m.c.i.embedder.EclipseLogger - skip non existing resourceDirectory C:\Users\ralfb\javaJsgCurso\java-web\src\main\resources
2022-12-25 13:58:18,985 [Worker-77: Building] INFO  o.e.m.c.i.embedder.EclipseLogger - Using 'UTF-8' encoding to copy filtered resources.
2022-12-25 13:58:18,986 [Worker-77: Building] INFO  o.e.m.c.i.embedder.EclipseLogger - skip non existing resourceDirectory C:\Users\ralfb\javaJsgCurso\java-web\src\test\resources
2022-12-25 14:00:42,902 [Worker-79: Building] INFO  o.e.m.c.i.embedder.EclipseLogger - Using 'UTF-8' encoding to copy filtered resources.
2022-12-25 14:00:42,902 [Worker-79: Building] INFO  o.e.m.c.i.embedder.EclipseLogger - skip non existing resourceDirectory C:\Users\ralfb\javaJsgCurso\java-web\src\main\resources
2022-12-25 14:00:42,905 [Worker-79: Building] INFO  o.e.m.c.i.embedder.EclipseLogger - Using 'UTF-8' encoding to copy filtered resources.
2022-12-25 14:00:42,905 [Worker-79: Building] INFO  o.e.m.c.i.embedder.EclipseLogger - skip non existing resourceDirectory C:\Users\ralfb\javaJsgCurso\java-web\src\test\resources
2022-12-25 14:01:30,807 [Worker-79: Building] INFO  o.e.m.c.i.embedder.EclipseLogger - Using 'UTF-8' encoding to copy filtered resources.
2022-12-25 14:01:30,807 [Worker-79: Building] INFO  o.e.m.c.i.embedder.EclipseLogger - skip non existing resourceDirectory C:\Users\ralfb\javaJsgCurso\java-web\src\main\resources
2022-12-25 14:01:30,809 [Worker-79: Building] INFO  o.e.m.c.i.embedder.EclipseLogger - Using 'UTF-8' encoding to copy filtered resources.
2022-12-25 14:01:30,809 [Worker-79: Building] INFO  o.e.m.c.i.embedder.EclipseLogger - skip non existing resourceDirectory C:\Users\ralfb\javaJsgCurso\java-web\src\test\resources
2022-12-25 14:03:29,301 [Worker-78: Building] INFO  o.e.m.c.i.embedder.EclipseLogger - Using 'UTF-8' encoding to copy filtered resources.
2022-12-25 14:03:29,301 [Worker-78: Building] INFO  o.e.m.c.i.embedder.EclipseLogger - skip non existing resourceDirectory C:\Users\ralfb\javaJsgCurso\java-web\src\main\resources
2022-12-25 14:03:29,302 [Worker-78: Building] INFO  o.e.m.c.i.embedder.EclipseLogger - Using 'UTF-8' encoding to copy filtered resources.
2022-12-25 14:03:29,303 [Worker-78: Building] INFO  o.e.m.c.i.embedder.EclipseLogger - skip non existing resourceDirectory C:\Users\ralfb\javaJsgCurso\java-web\src\test\resources
2022-12-25 14:03:44,944 [Worker-78: Building] INFO  o.e.m.c.i.embedder.EclipseLogger - Using 'UTF-8' encoding to copy filtered resources.
2022-12-25 14:03:44,944 [Worker-78: Building] INFO  o.e.m.c.i.embedder.EclipseLogger - skip non existing resourceDirectory C:\Users\ralfb\javaJsgCurso\java-web\src\main\resources
2022-12-25 14:03:44,946 [Worker-78: Building] INFO  o.e.m.c.i.embedder.EclipseLogger - Using 'UTF-8' encoding to copy filtered resources.
2022-12-25 14:03:44,954 [Worker-78: Building] INFO  o.e.m.c.i.embedder.EclipseLogger - skip non existing resourceDirectory C:\Users\ralfb\javaJsgCurso\java-web\src\test\resources
2022-12-25 14:05:38,017 [Worker-79: Building] INFO  o.e.m.c.i.embedder.EclipseLogger - Using 'UTF-8' encoding to copy filtered resources.
2022-12-25 14:05:38,017 [Worker-79: Building] INFO  o.e.m.c.i.embedder.EclipseLogger - skip non existing resourceDirectory C:\Users\ralfb\javaJsgCurso\java-web\src\main\resources
2022-12-25 14:05:38,018 [Worker-79: Building] INFO  o.e.m.c.i.embedder.EclipseLogger - Using 'UTF-8' encoding to copy filtered resources.
2022-12-25 14:05:38,018 [Worker-79: Building] INFO  o.e.m.c.i.embedder.EclipseLogger - skip non existing resourceDirectory C:\Users\ralfb\javaJsgCurso\java-web\src\test\resources
2022-12-25 14:05:48,240 [Worker-79: Building] INFO  o.e.m.c.i.embedder.EclipseLogger - Using 'UTF-8' encoding to copy filtered resources.
2022-12-25 14:05:48,240 [Worker-79: Building] INFO  o.e.m.c.i.embedder.EclipseLogger - skip non existing resourceDirectory C:\Users\ralfb\javaJsgCurso\java-web\src\main\resources
2022-12-25 14:05:48,242 [Worker-79: Building] INFO  o.e.m.c.i.embedder.EclipseLogger - Using 'UTF-8' encoding to copy filtered resources.
2022-12-25 14:05:48,242 [Worker-79: Building] INFO  o.e.m.c.i.embedder.EclipseLogger - skip non existing resourceDirectory C:\Users\ralfb\javaJsgCurso\java-web\src\test\resources
2022-12-25 14:05:57,887 [Worker-73: Building] INFO  o.e.m.c.i.embedder.EclipseLogger - Using 'UTF-8' encoding to copy filtered resources.
2022-12-25 14:05:57,887 [Worker-73: Building] INFO  o.e.m.c.i.embedder.EclipseLogger - skip non existing resourceDirectory C:\Users\ralfb\javaJsgCurso\java-web\src\main\resources
2022-12-25 14:05:57,888 [Worker-73: Building] INFO  o.e.m.c.i.embedder.EclipseLogger - Using 'UTF-8' encoding to copy filtered resources.
2022-12-25 14:05:57,888 [Worker-73: Building] INFO  o.e.m.c.i.embedder.EclipseLogger - skip non existing resourceDirectory C:\Users\ralfb\javaJsgCurso\java-web\src\test\resources
2022-12-25 14:12:48,657 [Worker-80: Building] INFO  o.e.m.c.i.embedder.EclipseLogger - Using 'UTF-8' encoding to copy filtered resources.
2022-12-25 14:12:48,657 [Worker-80: Building] INFO  o.e.m.c.i.embedder.EclipseLogger - skip non existing resourceDirectory C:\Users\ralfb\javaJsgCurso\java-web\src\main\resources
2022-12-25 14:12:48,658 [Worker-80: Building] INFO  o.e.m.c.i.embedder.EclipseLogger - Using 'UTF-8' encoding to copy filtered resources.
2022-12-25 14:12:48,658 [Worker-80: Building] INFO  o.e.m.c.i.embedder.EclipseLogger - skip non existing resourceDirectory C:\Users\ralfb\javaJsgCurso\java-web\src\test\resources
2022-12-25 14:13:58,089 [Worker-79: Building] INFO  o.e.m.c.i.l.LifecycleMappingFactory - Using org.eclipse.m2e.jdt.JarLifecycleMapping lifecycle mapping for MavenProject: br.com.javaweb:java-web:0.0.1-SNAPSHOT @ C:\Users\ralfb\javaJsgCurso\java-web\pom.xml.
2022-12-25 14:13:59,177 [Worker-79: Building] INFO  o.e.m.c.i.embedder.EclipseLogger - Using 'UTF-8' encoding to copy filtered resources.
2022-12-25 14:13:59,177 [Worker-79: Building] INFO  o.e.m.c.i.embedder.EclipseLogger - skip non existing resourceDirectory C:\Users\ralfb\javaJsgCurso\java-web\src\main\resources
2022-12-25 14:13:59,179 [Worker-79: Building] INFO  o.e.m.c.i.embedder.EclipseLogger - Using 'UTF-8' encoding to copy filtered resources.
2022-12-25 14:13:59,179 [Worker-79: Building] INFO  o.e.m.c.i.embedder.EclipseLogger - skip non existing resourceDirectory C:\Users\ralfb\javaJsgCurso\java-web\src\test\resources
2022-12-25 14:14:00,443 [Worker-83: Building] INFO  o.e.m.c.i.embedder.EclipseLogger - Using 'UTF-8' encoding to copy filtered resources.
2022-12-25 14:14:00,444 [Worker-83: Building] INFO  o.e.m.c.i.embedder.EclipseLogger - skip non existing resourceDirectory C:\Users\ralfb\javaJsgCurso\java-web\src\main\resources
2022-12-25 14:14:00,447 [Worker-83: Building] INFO  o.e.m.c.i.embedder.EclipseLogger - Using 'UTF-8' encoding to copy filtered resources.
2022-12-25 14:14:00,447 [Worker-83: Building] INFO  o.e.m.c.i.embedder.EclipseLogger - skip non existing resourceDirectory C:\Users\ralfb\javaJsgCurso\java-web\src\test\resources
2022-12-25 14:14:03,502 [Worker-79: Building] INFO  o.e.m.c.i.l.LifecycleMappingFactory - Using org.eclipse.m2e.jdt.JarLifecycleMapping lifecycle mapping for MavenProject: br.com.javaweb:java-web:0.0.1-SNAPSHOT @ C:\Users\ralfb\javaJsgCurso\java-web\pom.xml.
2022-12-25 14:14:03,641 [Worker-79: Building] INFO  o.e.m.c.i.embedder.EclipseLogger - Using 'UTF-8' encoding to copy filtered resources.
2022-12-25 14:14:03,648 [Worker-79: Building] INFO  o.e.m.c.i.embedder.EclipseLogger - skip non existing resourceDirectory C:\Users\ralfb\javaJsgCurso\java-web\src\main\resources
2022-12-25 14:14:03,650 [Worker-79: Building] INFO  o.e.m.c.i.embedder.EclipseLogger - Using 'UTF-8' encoding to copy filtered resources.
2022-12-25 14:14:03,650 [Worker-79: Building] INFO  o.e.m.c.i.embedder.EclipseLogger - skip non existing resourceDirectory C:\Users\ralfb\javaJsgCurso\java-web\src\test\resources
2022-12-25 14:14:25,517 [Worker-88: Building] INFO  o.e.m.c.i.l.LifecycleMappingFactory - Using org.eclipse.m2e.jdt.JarLifecycleMapping lifecycle mapping for MavenProject: br.com.javaweb:java-web:0.0.1-SNAPSHOT @ C:\Users\ralfb\javaJsgCurso\java-web\pom.xml.
2022-12-25 14:14:25,680 [Worker-88: Building] INFO  o.e.m.c.i.embedder.EclipseLogger - Using 'UTF-8' encoding to copy filtered resources.
2022-12-25 14:14:25,680 [Worker-88: Building] INFO  o.e.m.c.i.embedder.EclipseLogger - skip non existing resourceDirectory C:\Users\ralfb\javaJsgCurso\java-web\src\main\resources
2022-12-25 14:14:25,684 [Worker-88: Building] INFO  o.e.m.c.i.embedder.EclipseLogger - Using 'UTF-8' encoding to copy filtered resources.
2022-12-25 14:14:25,686 [Worker-88: Building] INFO  o.e.m.c.i.embedder.EclipseLogger - skip non existing resourceDirectory C:\Users\ralfb\javaJsgCurso\java-web\src\test\resources
2022-12-25 14:14:27,060 [Worker-83: Building] INFO  o.e.m.c.i.embedder.EclipseLogger - Using 'UTF-8' encoding to copy filtered resources.
2022-12-25 14:14:27,060 [Worker-83: Building] INFO  o.e.m.c.i.embedder.EclipseLogger - skip non existing resourceDirectory C:\Users\ralfb\javaJsgCurso\java-web\src\main\resources
2022-12-25 14:14:27,062 [Worker-83: Building] INFO  o.e.m.c.i.embedder.EclipseLogger - Using 'UTF-8' encoding to copy filtered resources.
2022-12-25 14:14:27,062 [Worker-83: Building] INFO  o.e.m.c.i.embedder.EclipseLogger - skip non existing resourceDirectory C:\Users\ralfb\javaJsgCurso\java-web\src\test\resources
2022-12-25 14:14:57,029 [Worker-87: Building] INFO  o.e.m.c.i.l.LifecycleMappingFactory - Using org.eclipse.m2e.jdt.JarLifecycleMapping lifecycle mapping for MavenProject: br.com.javaweb:java-web:0.0.1-SNAPSHOT @ C:\Users\ralfb\javaJsgCurso\java-web\pom.xml.
2022-12-25 14:14:57,143 [Worker-87: Building] INFO  o.e.m.c.i.embedder.EclipseLogger - Using 'UTF-8' encoding to copy filtered resources.
2022-12-25 14:14:57,144 [Worker-87: Building] INFO  o.e.m.c.i.embedder.EclipseLogger - skip non existing resourceDirectory C:\Users\ralfb\javaJsgCurso\java-web\src\main\resources
2022-12-25 14:14:57,145 [Worker-87: Building] INFO  o.e.m.c.i.embedder.EclipseLogger - Using 'UTF-8' encoding to copy filtered resources.
2022-12-25 14:14:57,146 [Worker-87: Building] INFO  o.e.m.c.i.embedder.EclipseLogger - skip non existing resourceDirectory C:\Users\ralfb\javaJsgCurso\java-web\src\test\resources
2022-12-25 14:14:58,469 [Worker-79: Building] INFO  o.e.m.c.i.embedder.EclipseLogger - Using 'UTF-8' encoding to copy filtered resources.
2022-12-25 14:14:58,469 [Worker-79: Building] INFO  o.e.m.c.i.embedder.EclipseLogger - skip non existing resourceDirectory C:\Users\ralfb\javaJsgCurso\java-web\src\main\resources
2022-12-25 14:14:58,471 [Worker-79: Building] INFO  o.e.m.c.i.embedder.EclipseLogger - Using 'UTF-8' encoding to copy filtered resources.
2022-12-25 14:14:58,471 [Worker-79: Building] INFO  o.e.m.c.i.embedder.EclipseLogger - skip non existing resourceDirectory C:\Users\ralfb\javaJsgCurso\java-web\src\test\resources
2022-12-25 14:15:16,440 [Worker-83: Building] INFO  o.e.m.c.i.l.LifecycleMappingFactory - Using org.eclipse.m2e.jdt.JarLifecycleMapping lifecycle mapping for MavenProject: br.com.javaweb:java-web:0.0.1-SNAPSHOT @ C:\Users\ralfb\javaJsgCurso\java-web\pom.xml.
2022-12-25 14:15:16,613 [Worker-83: Building] INFO  o.e.m.c.i.embedder.EclipseLogger - Using 'UTF-8' encoding to copy filtered resources.
2022-12-25 14:15:16,613 [Worker-83: Building] INFO  o.e.m.c.i.embedder.EclipseLogger - skip non existing resourceDirectory C:\Users\ralfb\javaJsgCurso\java-web\src\main\resources
2022-12-25 14:15:16,616 [Worker-83: Building] INFO  o.e.m.c.i.embedder.EclipseLogger - Using 'UTF-8' encoding to copy filtered resources.
2022-12-25 14:15:16,616 [Worker-83: Building] INFO  o.e.m.c.i.embedder.EclipseLogger - skip non existing resourceDirectory C:\Users\ralfb\javaJsgCurso\java-web\src\test\resources
2022-12-25 14:15:17,920 [Worker-86: Building] INFO  o.e.m.c.i.embedder.EclipseLogger - Using 'UTF-8' encoding to copy filtered resources.
2022-12-25 14:15:17,920 [Worker-86: Building] INFO  o.e.m.c.i.embedder.EclipseLogger - skip non existing resourceDirectory C:\Users\ralfb\javaJsgCurso\java-web\src\main\resources
2022-12-25 14:15:17,922 [Worker-86: Building] INFO  o.e.m.c.i.embedder.EclipseLogger - Using 'UTF-8' encoding to copy filtered resources.
2022-12-25 14:15:17,922 [Worker-86: Building] INFO  o.e.m.c.i.embedder.EclipseLogger - skip non existing resourceDirectory C:\Users\ralfb\javaJsgCurso\java-web\src\test\resources
2022-12-25 14:16:09,767 [Worker-88: Building] INFO  o.e.m.c.i.l.LifecycleMappingFactory - Using org.eclipse.m2e.jdt.JarLifecycleMapping lifecycle mapping for MavenProject: br.com.javaweb:java-web:0.0.1-SNAPSHOT @ C:\Users\ralfb\javaJsgCurso\java-web\pom.xml.
2022-12-25 14:16:09,903 [Worker-88: Building] INFO  o.e.m.c.i.embedder.EclipseLogger - Using 'UTF-8' encoding to copy filtered resources.
2022-12-25 14:16:09,904 [Worker-88: Building] INFO  o.e.m.c.i.embedder.EclipseLogger - skip non existing resourceDirectory C:\Users\ralfb\javaJsgCurso\java-web\src\main\resources
2022-12-25 14:16:09,907 [Worker-88: Building] INFO  o.e.m.c.i.embedder.EclipseLogger - Using 'UTF-8' encoding to copy filtered resources.
2022-12-25 14:16:09,908 [Worker-88: Building] INFO  o.e.m.c.i.embedder.EclipseLogger - skip non existing resourceDirectory C:\Users\ralfb\javaJsgCurso\java-web\src\test\resources
2022-12-25 14:16:11,214 [Worker-88: Building] INFO  o.e.m.c.i.embedder.EclipseLogger - Using 'UTF-8' encoding to copy filtered resources.
2022-12-25 14:16:11,214 [Worker-88: Building] INFO  o.e.m.c.i.embedder.EclipseLogger - skip non existing resourceDirectory C:\Users\ralfb\javaJsgCurso\java-web\src\main\resources
2022-12-25 14:16:11,216 [Worker-88: Building] INFO  o.e.m.c.i.embedder.EclipseLogger - Using 'UTF-8' encoding to copy filtered resources.
2022-12-25 14:16:11,216 [Worker-88: Building] INFO  o.e.m.c.i.embedder.EclipseLogger - skip non existing resourceDirectory C:\Users\ralfb\javaJsgCurso\java-web\src\test\resources
2022-12-25 14:16:58,051 [Worker-88: Building] INFO  o.e.m.c.i.embedder.EclipseLogger - Using 'UTF-8' encoding to copy filtered resources.
2022-12-25 14:16:58,051 [Worker-88: Building] INFO  o.e.m.c.i.embedder.EclipseLogger - skip non existing resourceDirectory C:\Users\ralfb\javaJsgCurso\java-web\src\main\resources
2022-12-25 14:16:58,052 [Worker-88: Building] INFO  o.e.m.c.i.embedder.EclipseLogger - Using 'UTF-8' encoding to copy filtered resources.
2022-12-25 14:16:58,053 [Worker-88: Building] INFO  o.e.m.c.i.embedder.EclipseLogger - skip non existing resourceDirectory C:\Users\ralfb\javaJsgCurso\java-web\src\test\resources
2022-12-25 14:22:12,168 [Worker-92: Launching mavenrun-3b8ee374-c5b9-4f7b-9522-face2a036ae8] INFO  o.e.m.i.launch.MavenLaunchDelegate - C:\Users\ralfb\javaJsgCurso
2022-12-25 14:22:12,169 [Worker-92: Launching mavenrun-3b8ee374-c5b9-4f7b-9522-face2a036ae8] INFO  o.e.m.i.launch.MavenLaunchDelegate -  mvn -DarchetypeVersion=1.4 -Dpackage=br.com.javaweb2.java_web2 -DarchetypeGroupId=org.apache.maven.archetypes -DarchetypeArtifactId=maven-archetype-quickstart -DgroupId=br.com.javaweb2 -DartifactId=java-web2 -DoutputDirectory=C:\Users\ralfb\javaJsgCurso -Dversion=0.0.1-SNAPSHOT -Dstyle.color=always -U archetype:generate
2022-12-25 14:24:00,006 [Worker-79: Launching mavenrun-f9bf4618-bcc8-4a58-b6f6-b479d8e69249] INFO  o.e.m.i.launch.MavenLaunchDelegate - C:\Users\ralfb\javaJsgCurso
2022-12-25 14:24:00,006 [Worker-79: Launching mavenrun-f9bf4618-bcc8-4a58-b6f6-b479d8e69249] INFO  o.e.m.i.launch.MavenLaunchDelegate -  mvn -DarchetypeVersion=1.4 -Dpackage=br.com.javaweb.javaweb -DarchetypeGroupId=org.apache.maven.archetypes -DarchetypeArtifactId=maven-archetype-quickstart -DgroupId=br.com.javaweb -DartifactId=javaweb -DoutputDirectory=C:\Users\ralfb\javaJsgCurso -Dversion=0.0.1-SNAPSHOT -Dstyle.color=always -U archetype:generate
2022-12-25 14:25:29,301 [Worker-86: Launching mavenrun-ac6a7a66-c02b-4529-8259-26dec59ec968] INFO  o.e.m.i.launch.MavenLaunchDelegate - C:\Users\ralfb\javaJsgCurso
2022-12-25 14:25:29,302 [Worker-86: Launching mavenrun-ac6a7a66-c02b-4529-8259-26dec59ec968] INFO  o.e.m.i.launch.MavenLaunchDelegate -  mvn -DarchetypeVersion=1.4 -Dpackage=br.com.javaweb.java_web2 -DarchetypeGroupId=org.apache.maven.archetypes -DarchetypeArtifactId=maven-archetype-quickstart -DgroupId=br.com.javaweb -DartifactId=java-web2 -DoutputDirectory=C:\Users\ralfb\javaJsgCurso -Dversion=0.0.1-SNAPSHOT -Dstyle.color=always -U archetype:generate
2022-12-25 14:25:42,869 [Worker-87: Creating maven-archetype-quickstart] INFO  o.e.m.c.i.p.ProjectConfigurationManager - Collecting project info '/pom.xml' C:\Users\ralfb\javaJsgCurso\java-web2\pom.xml
2022-12-25 14:25:43,223 [Worker-87: Creating maven-archetype-quickstart] INFO  o.e.m.c.i.l.LifecycleMappingFactory - Using org.eclipse.m2e.jdt.JarLifecycleMapping lifecycle mapping for MavenProject: br.com.javaweb:java-web2:0.0.1-SNAPSHOT @ C:\Users\ralfb\javaJsgCurso\java-web2\pom.xml.
2022-12-25 14:25:43,652 [Worker-87: Creating maven-archetype-quickstart] INFO  o.e.m.j.i.AbstractJavaProjectConfigurator - Adding source folder /java-web2/src/main/java
2022-12-25 14:25:43,654 [Worker-87: Creating maven-archetype-quickstart] INFO  o.e.m.j.i.AbstractJavaProjectConfigurator - Adding source folder /java-web2/src/test/java
2022-12-25 14:25:43,953 [Worker-87: Creating maven-archetype-quickstart] INFO  o.e.m.c.i.p.ProjectConfigurationManager - Imported and configured 1 project(s) in 1 sec
2022-12-25 14:25:44,289 [Worker-90: Building] INFO  o.e.m.c.i.embedder.EclipseLogger - Using 'UTF-8' encoding to copy filtered resources.
2022-12-25 14:25:44,289 [Worker-90: Building] INFO  o.e.m.c.i.embedder.EclipseLogger - skip non existing resourceDirectory C:\Users\ralfb\javaJsgCurso\java-web2\src\main\resources
2022-12-25 14:25:44,292 [Worker-90: Building] INFO  o.e.m.c.i.embedder.EclipseLogger - Using 'UTF-8' encoding to copy filtered resources.
2022-12-25 14:25:44,292 [Worker-90: Building] INFO  o.e.m.c.i.embedder.EclipseLogger - skip non existing resourceDirectory C:\Users\ralfb\javaJsgCurso\java-web2\src\test\resources
2022-12-25 14:26:06,154 [Worker-90: Building Project java-web2] INFO  o.e.m.c.i.embedder.EclipseLogger - Using 'UTF-8' encoding to copy filtered resources.
2022-12-25 14:26:06,154 [Worker-90: Building Project java-web2] INFO  o.e.m.c.i.embedder.EclipseLogger - skip non existing resourceDirectory C:\Users\ralfb\javaJsgCurso\java-web2\src\main\resources
2022-12-25 14:26:06,156 [Worker-90: Building Project java-web2] INFO  o.e.m.c.i.embedder.EclipseLogger - Using 'UTF-8' encoding to copy filtered resources.
2022-12-25 14:26:06,156 [Worker-90: Building Project java-web2] INFO  o.e.m.c.i.embedder.EclipseLogger - skip non existing resourceDirectory C:\Users\ralfb\javaJsgCurso\java-web2\src\test\resources
2022-12-25 14:27:04,230 [Worker-86: Building Project java-web2] INFO  o.e.m.c.i.embedder.EclipseLogger - Using 'UTF-8' encoding to copy filtered resources.
2022-12-25 14:27:04,231 [Worker-86: Building Project java-web2] INFO  o.e.m.c.i.embedder.EclipseLogger - skip non existing resourceDirectory C:\Users\ralfb\javaJsgCurso\java-web2\src\main\resources
2022-12-25 14:27:04,233 [Worker-86: Building Project java-web2] INFO  o.e.m.c.i.embedder.EclipseLogger - Using 'UTF-8' encoding to copy filtered resources.
2022-12-25 14:27:04,233 [Worker-86: Building Project java-web2] INFO  o.e.m.c.i.embedder.EclipseLogger - skip non existing resourceDirectory C:\Users\ralfb\javaJsgCurso\java-web2\src\test\resources
2022-12-25 14:28:26,430 [Worker-86: Updating Maven Project] INFO  o.e.m.c.i.p.ProjectConfigurationManager - Update started
2022-12-25 14:28:28,026 [Worker-86: Updating Maven Project] INFO  o.e.m.c.i.l.LifecycleMappingFactory - Using org.eclipse.m2e.jdt.JarLifecycleMapping lifecycle mapping for MavenProject: br.com.javaweb:java-web2:0.0.1-SNAPSHOT @ C:\Users\ralfb\javaJsgCurso\java-web2\pom.xml.
2022-12-25 14:28:28,348 [Worker-86: Updating Maven Project] INFO  o.e.m.j.i.AbstractJavaProjectConfigurator - Adding source folder /java-web2/src/main/java
2022-12-25 14:28:28,348 [Worker-86: Updating Maven Project] INFO  o.e.m.j.i.AbstractJavaProjectConfigurator - Adding source folder /java-web2/src/test/java
2022-12-25 14:28:28,798 [Worker-86: Updating Maven Project] INFO  o.e.m.c.i.p.ProjectConfigurationManager - Update completed: 2 sec
2022-12-25 14:28:28,995 [Worker-90: Building] INFO  o.e.m.c.i.embedder.EclipseLogger - Using 'UTF-8' encoding to copy filtered resources.
2022-12-25 14:28:28,995 [Worker-90: Building] INFO  o.e.m.c.i.embedder.EclipseLogger - skip non existing resourceDirectory C:\Users\ralfb\javaJsgCurso\java-web2\src\main\resources
2022-12-25 14:28:28,998 [Worker-90: Building] INFO  o.e.m.c.i.embedder.EclipseLogger - Using 'UTF-8' encoding to copy filtered resources.
2022-12-25 14:28:28,998 [Worker-90: Building] INFO  o.e.m.c.i.embedder.EclipseLogger - skip non existing resourceDirectory C:\Users\ralfb\javaJsgCurso\java-web2\src\test\resources
2022-12-25 14:28:40,484 [Worker-94: Building] INFO  o.e.m.c.i.embedder.EclipseLogger - Using 'UTF-8' encoding to copy filtered resources.
2022-12-25 14:28:40,484 [Worker-94: Building] INFO  o.e.m.c.i.embedder.EclipseLogger - skip non existing resourceDirectory C:\Users\ralfb\javaJsgCurso\java-web2\src\main\resources
2022-12-25 14:28:40,486 [Worker-94: Building] INFO  o.e.m.c.i.embedder.EclipseLogger - Using 'UTF-8' encoding to copy filtered resources.
2022-12-25 14:28:40,487 [Worker-94: Building] INFO  o.e.m.c.i.embedder.EclipseLogger - skip non existing resourceDirectory C:\Users\ralfb\javaJsgCurso\java-web2\src\test\resources
2022-12-25 14:28:51,405 [Worker-94: Updating Maven Project] INFO  o.e.m.c.i.p.ProjectConfigurationManager - Update started
2022-12-25 14:28:51,633 [Worker-94: Updating Maven Project] INFO  o.e.m.c.i.l.LifecycleMappingFactory - Using org.eclipse.m2e.jdt.JarLifecycleMapping lifecycle mapping for MavenProject: br.com.javaweb:java-web2:0.0.1-SNAPSHOT @ C:\Users\ralfb\javaJsgCurso\java-web2\pom.xml.
2022-12-25 14:28:51,736 [Worker-94: Updating Maven Project] INFO  o.e.m.j.i.AbstractJavaProjectConfigurator - Adding source folder /java-web2/src/main/java
2022-12-25 14:28:51,737 [Worker-94: Updating Maven Project] INFO  o.e.m.j.i.AbstractJavaProjectConfigurator - Adding source folder /java-web2/src/test/java
2022-12-25 14:28:51,922 [Worker-94: Updating Maven Project] INFO  o.e.m.c.i.p.ProjectConfigurationManager - Update completed: 0 sec
2022-12-25 14:28:52,090 [Worker-87: Building] INFO  o.e.m.c.i.embedder.EclipseLogger - Using 'UTF-8' encoding to copy filtered resources.
2022-12-25 14:28:52,090 [Worker-87: Building] INFO  o.e.m.c.i.embedder.EclipseLogger - skip non existing resourceDirectory C:\Users\ralfb\javaJsgCurso\java-web2\src\main\resources
2022-12-25 14:28:52,092 [Worker-87: Building] INFO  o.e.m.c.i.embedder.EclipseLogger - Using 'UTF-8' encoding to copy filtered resources.
2022-12-25 14:28:52,093 [Worker-87: Building] INFO  o.e.m.c.i.embedder.EclipseLogger - skip non existing resourceDirectory C:\Users\ralfb\javaJsgCurso\java-web2\src\test\resources
2022-12-25 14:29:29,186 [Worker-90: Building Project java-web2] INFO  o.e.m.c.i.embedder.EclipseLogger - Using 'UTF-8' encoding to copy filtered resources.
2022-12-25 14:29:29,186 [Worker-90: Building Project java-web2] INFO  o.e.m.c.i.embedder.EclipseLogger - skip non existing resourceDirectory C:\Users\ralfb\javaJsgCurso\java-web2\src\main\resources
2022-12-25 14:29:29,188 [Worker-90: Building Project java-web2] INFO  o.e.m.c.i.embedder.EclipseLogger - Using 'UTF-8' encoding to copy filtered resources.
2022-12-25 14:29:29,188 [Worker-90: Building Project java-web2] INFO  o.e.m.c.i.embedder.EclipseLogger - skip non existing resourceDirectory C:\Users\ralfb\javaJsgCurso\java-web2\src\test\resources
2022-12-25 14:29:39,039 [Worker-93: Building] INFO  o.e.m.c.i.embedder.EclipseLogger - Using 'UTF-8' encoding to copy filtered resources.
2022-12-25 14:29:39,039 [Worker-93: Building] INFO  o.e.m.c.i.embedder.EclipseLogger - skip non existing resourceDirectory C:\Users\ralfb\javaJsgCurso\java-web2\src\main\resources
2022-12-25 14:29:39,041 [Worker-93: Building] INFO  o.e.m.c.i.embedder.EclipseLogger - Using 'UTF-8' encoding to copy filtered resources.
2022-12-25 14:29:39,041 [Worker-93: Building] INFO  o.e.m.c.i.embedder.EclipseLogger - skip non existing resourceDirectory C:\Users\ralfb\javaJsgCurso\java-web2\src\test\resources
2022-12-25 14:29:44,320 [Worker-90: Building] INFO  o.e.m.c.i.l.LifecycleMappingFactory - Using org.eclipse.m2e.jdt.JarLifecycleMapping lifecycle mapping for MavenProject: br.com.javaweb:java-web2:0.0.1-SNAPSHOT @ C:\Users\ralfb\javaJsgCurso\java-web2\pom.xml.
2022-12-25 14:29:44,411 [Worker-90: Building] INFO  o.e.m.c.i.embedder.EclipseLogger - Using 'UTF-8' encoding to copy filtered resources.
2022-12-25 14:29:44,411 [Worker-90: Building] INFO  o.e.m.c.i.embedder.EclipseLogger - skip non existing resourceDirectory C:\Users\ralfb\javaJsgCurso\java-web2\src\main\resources
2022-12-25 14:29:44,413 [Worker-90: Building] INFO  o.e.m.c.i.embedder.EclipseLogger - Using 'UTF-8' encoding to copy filtered resources.
2022-12-25 14:29:44,413 [Worker-90: Building] INFO  o.e.m.c.i.embedder.EclipseLogger - skip non existing resourceDirectory C:\Users\ralfb\javaJsgCurso\java-web2\src\test\resources
2022-12-25 14:30:01,376 [Worker-93: Updating Maven Project] INFO  o.e.m.c.i.p.ProjectConfigurationManager - Update started
2022-12-25 14:30:01,596 [Worker-93: Updating Maven Project] INFO  o.e.m.c.i.l.LifecycleMappingFactory - Using org.eclipse.m2e.jdt.JarLifecycleMapping lifecycle mapping for MavenProject: br.com.javaweb:java-web2:0.0.1-SNAPSHOT @ C:\Users\ralfb\javaJsgCurso\java-web2\pom.xml.
2022-12-25 14:30:01,688 [Worker-93: Updating Maven Project] INFO  o.e.m.j.i.AbstractJavaProjectConfigurator - Adding source folder /java-web2/src/main/java
2022-12-25 14:30:01,689 [Worker-93: Updating Maven Project] INFO  o.e.m.j.i.AbstractJavaProjectConfigurator - Adding source folder /java-web2/src/test/java
2022-12-25 14:30:01,837 [Worker-93: Updating Maven Project] INFO  o.e.m.c.i.p.ProjectConfigurationManager - Update completed: 0 sec
2022-12-25 14:30:02,068 [Worker-91: Building] INFO  o.e.m.c.i.embedder.EclipseLogger - Using 'UTF-8' encoding to copy filtered resources.
2022-12-25 14:30:02,068 [Worker-91: Building] INFO  o.e.m.c.i.embedder.EclipseLogger - skip non existing resourceDirectory C:\Users\ralfb\javaJsgCurso\java-web2\src\main\resources
2022-12-25 14:30:02,071 [Worker-91: Building] INFO  o.e.m.c.i.embedder.EclipseLogger - Using 'UTF-8' encoding to copy filtered resources.
2022-12-25 14:30:02,071 [Worker-91: Building] INFO  o.e.m.c.i.embedder.EclipseLogger - skip non existing resourceDirectory C:\Users\ralfb\javaJsgCurso\java-web2\src\test\resources
2022-12-25 14:32:36,483 [Worker-94: Building] INFO  o.e.m.c.i.l.LifecycleMappingFactory - Using org.eclipse.m2e.jdt.JarLifecycleMapping lifecycle mapping for MavenProject: br.com.javaweb:java-web2:0.0.1-SNAPSHOT @ C:\Users\ralfb\javaJsgCurso\java-web2\pom.xml.
2022-12-25 14:32:36,668 [Worker-94: Building] INFO  o.e.m.c.i.embedder.EclipseLogger - Using 'UTF-8' encoding to copy filtered resources.
2022-12-25 14:32:36,668 [Worker-94: Building] INFO  o.e.m.c.i.embedder.EclipseLogger - skip non existing resourceDirectory C:\Users\ralfb\javaJsgCurso\java-web2\src\main\resources
2022-12-25 14:32:36,671 [Worker-94: Building] INFO  o.e.m.c.i.embedder.EclipseLogger - Using 'UTF-8' encoding to copy filtered resources.
2022-12-25 14:32:36,671 [Worker-94: Building] INFO  o.e.m.c.i.embedder.EclipseLogger - skip non existing resourceDirectory C:\Users\ralfb\javaJsgCurso\java-web2\src\test\resources
2022-12-25 14:32:39,132 [Worker-97: Building] INFO  o.e.m.c.i.l.LifecycleMappingFactory - Using org.eclipse.m2e.jdt.JarLifecycleMapping lifecycle mapping for MavenProject: br.com.javaweb:java-web2:0.0.1-SNAPSHOT @ C:\Users\ralfb\javaJsgCurso\java-web2\pom.xml.
2022-12-25 14:32:39,219 [Worker-97: Building] INFO  o.e.m.c.i.embedder.EclipseLogger - Using 'UTF-8' encoding to copy filtered resources.
2022-12-25 14:32:39,220 [Worker-97: Building] INFO  o.e.m.c.i.embedder.EclipseLogger - skip non existing resourceDirectory C:\Users\ralfb\javaJsgCurso\java-web2\src\main\resources
2022-12-25 14:32:39,221 [Worker-97: Building] INFO  o.e.m.c.i.embedder.EclipseLogger - Using 'UTF-8' encoding to copy filtered resources.
2022-12-25 14:32:39,221 [Worker-97: Building] INFO  o.e.m.c.i.embedder.EclipseLogger - skip non existing resourceDirectory C:\Users\ralfb\javaJsgCurso\java-web2\src\test\resources
2022-12-25 14:32:51,682 [Worker-93: Building] INFO  o.e.m.c.i.l.LifecycleMappingFactory - Using org.eclipse.m2e.jdt.JarLifecycleMapping lifecycle mapping for MavenProject: br.com.javaweb:java-web2:0.0.1-SNAPSHOT @ C:\Users\ralfb\javaJsgCurso\java-web2\pom.xml.
2022-12-25 14:32:51,956 [Worker-93: Building] INFO  o.e.m.c.i.embedder.EclipseLogger - Using 'UTF-8' encoding to copy filtered resources.
2022-12-25 14:32:51,956 [Worker-93: Building] INFO  o.e.m.c.i.embedder.EclipseLogger - skip non existing resourceDirectory C:\Users\ralfb\javaJsgCurso\java-web2\src\main\resources
2022-12-25 14:32:51,958 [Worker-93: Building] INFO  o.e.m.c.i.embedder.EclipseLogger - Using 'UTF-8' encoding to copy filtered resources.
2022-12-25 14:32:51,958 [Worker-93: Building] INFO  o.e.m.c.i.embedder.EclipseLogger - skip non existing resourceDirectory C:\Users\ralfb\javaJsgCurso\java-web2\src\test\resources
2022-12-25 14:32:53,336 [Worker-100: Building] INFO  o.e.m.c.i.embedder.EclipseLogger - Using 'UTF-8' encoding to copy filtered resources.
2022-12-25 14:32:53,336 [Worker-100: Building] INFO  o.e.m.c.i.embedder.EclipseLogger - skip non existing resourceDirectory C:\Users\ralfb\javaJsgCurso\java-web2\src\main\resources
2022-12-25 14:32:53,337 [Worker-100: Building] INFO  o.e.m.c.i.embedder.EclipseLogger - Using 'UTF-8' encoding to copy filtered resources.
2022-12-25 14:32:53,337 [Worker-100: Building] INFO  o.e.m.c.i.embedder.EclipseLogger - skip non existing resourceDirectory C:\Users\ralfb\javaJsgCurso\java-web2\src\test\resources
2022-12-25 14:33:12,214 [Worker-94: Building] INFO  o.e.m.c.i.l.LifecycleMappingFactory - Using org.eclipse.m2e.jdt.JarLifecycleMapping lifecycle mapping for MavenProject: br.com.javaweb:java-web2:0.0.1-SNAPSHOT @ C:\Users\ralfb\javaJsgCurso\java-web2\pom.xml.
2022-12-25 14:33:12,459 [Worker-94: Building] INFO  o.e.m.c.i.embedder.EclipseLogger - Using 'UTF-8' encoding to copy filtered resources.
2022-12-25 14:33:12,459 [Worker-94: Building] INFO  o.e.m.c.i.embedder.EclipseLogger - skip non existing resourceDirectory C:\Users\ralfb\javaJsgCurso\java-web2\src\main\resources
2022-12-25 14:33:12,461 [Worker-94: Building] INFO  o.e.m.c.i.embedder.EclipseLogger - Using 'UTF-8' encoding to copy filtered resources.
2022-12-25 14:33:12,461 [Worker-94: Building] INFO  o.e.m.c.i.embedder.EclipseLogger - skip non existing resourceDirectory C:\Users\ralfb\javaJsgCurso\java-web2\src\test\resources
2022-12-25 14:33:13,837 [Worker-97: Building] INFO  o.e.m.c.i.embedder.EclipseLogger - Using 'UTF-8' encoding to copy filtered resources.
2022-12-25 14:33:13,838 [Worker-97: Building] INFO  o.e.m.c.i.embedder.EclipseLogger - skip non existing resourceDirectory C:\Users\ralfb\javaJsgCurso\java-web2\src\main\resources
2022-12-25 14:33:13,840 [Worker-97: Building] INFO  o.e.m.c.i.embedder.EclipseLogger - Using 'UTF-8' encoding to copy filtered resources.
2022-12-25 14:33:13,840 [Worker-97: Building] INFO  o.e.m.c.i.embedder.EclipseLogger - skip non existing resourceDirectory C:\Users\ralfb\javaJsgCurso\java-web2\src\test\resources
2022-12-25 14:34:50,655 [Worker-99: Building] INFO  o.e.m.c.i.embedder.EclipseLogger - Using 'UTF-8' encoding to copy filtered resources.
2022-12-25 14:34:50,656 [Worker-99: Building] INFO  o.e.m.c.i.embedder.EclipseLogger - skip non existing resourceDirectory C:\Users\ralfb\javaJsgCurso\java-web2\src\main\resources
2022-12-25 14:34:50,658 [Worker-99: Building] INFO  o.e.m.c.i.embedder.EclipseLogger - Using 'UTF-8' encoding to copy filtered resources.
2022-12-25 14:34:50,658 [Worker-99: Building] INFO  o.e.m.c.i.embedder.EclipseLogger - skip non existing resourceDirectory C:\Users\ralfb\javaJsgCurso\java-web2\src\test\resources
2022-12-25 14:37:18,096 [Worker-93: Building] INFO  o.e.m.c.i.embedder.EclipseLogger - Using 'UTF-8' encoding to copy filtered resources.
2022-12-25 14:37:18,097 [Worker-93: Building] INFO  o.e.m.c.i.embedder.EclipseLogger - skip non existing resourceDirectory C:\Users\ralfb\javaJsgCurso\java-web2\src\main\resources
2022-12-25 14:37:18,098 [Worker-93: Building] INFO  o.e.m.c.i.embedder.EclipseLogger - Using 'UTF-8' encoding to copy filtered resources.
2022-12-25 14:37:18,098 [Worker-93: Building] INFO  o.e.m.c.i.embedder.EclipseLogger - skip non existing resourceDirectory C:\Users\ralfb\javaJsgCurso\java-web2\src\test\resources
2022-12-25 14:37:19,165 [Worker-105: Building] INFO  o.e.m.c.i.embedder.EclipseLogger - Using 'UTF-8' encoding to copy filtered resources.
2022-12-25 14:37:19,165 [Worker-105: Building] INFO  o.e.m.c.i.embedder.EclipseLogger - skip non existing resourceDirectory C:\Users\ralfb\javaJsgCurso\java-web2\src\main\resources
2022-12-25 14:37:19,167 [Worker-105: Building] INFO  o.e.m.c.i.embedder.EclipseLogger - Using 'UTF-8' encoding to copy filtered resources.
2022-12-25 14:37:19,167 [Worker-105: Building] INFO  o.e.m.c.i.embedder.EclipseLogger - skip non existing resourceDirectory C:\Users\ralfb\javaJsgCurso\java-web2\src\test\resources
2022-12-25 14:37:40,280 [Worker-107: Building] INFO  o.e.m.c.i.embedder.EclipseLogger - Using 'UTF-8' encoding to copy filtered resources.
2022-12-25 14:37:40,280 [Worker-107: Building] INFO  o.e.m.c.i.embedder.EclipseLogger - skip non existing resourceDirectory C:\Users\ralfb\javaJsgCurso\java-web2\src\main\resources
2022-12-25 14:37:40,283 [Worker-107: Building] INFO  o.e.m.c.i.embedder.EclipseLogger - Using 'UTF-8' encoding to copy filtered resources.
2022-12-25 14:37:40,283 [Worker-107: Building] INFO  o.e.m.c.i.embedder.EclipseLogger - skip non existing resourceDirectory C:\Users\ralfb\javaJsgCurso\java-web2\src\test\resources
2022-12-25 14:38:03,668 [Worker-106: Building] INFO  o.e.m.c.i.embedder.EclipseLogger - Using 'UTF-8' encoding to copy filtered resources.
2022-12-25 14:38:03,668 [Worker-106: Building] INFO  o.e.m.c.i.embedder.EclipseLogger - skip non existing resourceDirectory C:\Users\ralfb\javaJsgCurso\java-web2\src\main\resources
2022-12-25 14:38:03,670 [Worker-106: Building] INFO  o.e.m.c.i.embedder.EclipseLogger - Using 'UTF-8' encoding to copy filtered resources.
2022-12-25 14:38:03,671 [Worker-106: Building] INFO  o.e.m.c.i.embedder.EclipseLogger - skip non existing resourceDirectory C:\Users\ralfb\javaJsgCurso\java-web2\src\test\resources
2022-12-25 14:39:58,054 [Worker-99: Building] INFO  o.e.m.c.i.embedder.EclipseLogger - Using 'UTF-8' encoding to copy filtered resources.
2022-12-25 14:39:58,054 [Worker-99: Building] INFO  o.e.m.c.i.embedder.EclipseLogger - skip non existing resourceDirectory C:\Users\ralfb\javaJsgCurso\java-web2\src\main\resources
2022-12-25 14:39:58,056 [Worker-99: Building] INFO  o.e.m.c.i.embedder.EclipseLogger - Using 'UTF-8' encoding to copy filtered resources.
2022-12-25 14:39:58,057 [Worker-99: Building] INFO  o.e.m.c.i.embedder.EclipseLogger - skip non existing resourceDirectory C:\Users\ralfb\javaJsgCurso\java-web2\src\test\resources
2022-12-25 14:40:26,812 [Worker-107: Building] INFO  o.e.m.c.i.embedder.EclipseLogger - Using 'UTF-8' encoding to copy filtered resources.
2022-12-25 14:40:26,812 [Worker-107: Building] INFO  o.e.m.c.i.embedder.EclipseLogger - skip non existing resourceDirectory C:\Users\ralfb\javaJsgCurso\java-web2\src\main\resources
2022-12-25 14:40:26,815 [Worker-107: Building] INFO  o.e.m.c.i.embedder.EclipseLogger - Using 'UTF-8' encoding to copy filtered resources.
2022-12-25 14:40:26,815 [Worker-107: Building] INFO  o.e.m.c.i.embedder.EclipseLogger - skip non existing resourceDirectory C:\Users\ralfb\javaJsgCurso\java-web2\src\test\resources
2022-12-25 14:40:51,155 [Worker-108: Building] INFO  o.e.m.c.i.embedder.EclipseLogger - Using 'UTF-8' encoding to copy filtered resources.
2022-12-25 14:40:51,156 [Worker-108: Building] INFO  o.e.m.c.i.embedder.EclipseLogger - skip non existing resourceDirectory C:\Users\ralfb\javaJsgCurso\java-web2\src\main\resources
2022-12-25 14:40:51,157 [Worker-108: Building] INFO  o.e.m.c.i.embedder.EclipseLogger - Using 'UTF-8' encoding to copy filtered resources.
2022-12-25 14:40:51,157 [Worker-108: Building] INFO  o.e.m.c.i.embedder.EclipseLogger - skip non existing resourceDirectory C:\Users\ralfb\javaJsgCurso\java-web2\src\test\resources
2022-12-25 14:42:48,842 [Worker-105: Building] INFO  o.e.m.c.i.embedder.EclipseLogger - Using 'UTF-8' encoding to copy filtered resources.
2022-12-25 14:42:48,842 [Worker-105: Building] INFO  o.e.m.c.i.embedder.EclipseLogger - skip non existing resourceDirectory C:\Users\ralfb\javaJsgCurso\java-web2\src\main\resources
2022-12-25 14:42:48,843 [Worker-105: Building] INFO  o.e.m.c.i.embedder.EclipseLogger - Using 'UTF-8' encoding to copy filtered resources.
2022-12-25 14:42:48,843 [Worker-105: Building] INFO  o.e.m.c.i.embedder.EclipseLogger - skip non existing resourceDirectory C:\Users\ralfb\javaJsgCurso\java-web2\src\test\resources
2022-12-25 14:44:26,584 [Worker-109: Rebuilding] INFO  o.e.m.c.i.embedder.EclipseLogger - Using 'UTF-8' encoding to copy filtered resources.
2022-12-25 14:44:26,584 [Worker-109: Rebuilding] INFO  o.e.m.c.i.embedder.EclipseLogger - skip non existing resourceDirectory C:\Users\ralfb\javaJsgCurso\java-web2\src\main\resources
2022-12-25 14:44:26,585 [Worker-109: Rebuilding] INFO  o.e.m.c.i.embedder.EclipseLogger - Using 'UTF-8' encoding to copy filtered resources.
2022-12-25 14:44:26,585 [Worker-109: Rebuilding] INFO  o.e.m.c.i.embedder.EclipseLogger - skip non existing resourceDirectory C:\Users\ralfb\javaJsgCurso\java-web2\src\test\resources
2022-12-25 14:44:35,373 [Worker-108: Building] INFO  o.e.m.c.i.embedder.EclipseLogger - Using 'UTF-8' encoding to copy filtered resources.
2022-12-25 14:44:35,373 [Worker-108: Building] INFO  o.e.m.c.i.embedder.EclipseLogger - skip non existing resourceDirectory C:\Users\ralfb\javaJsgCurso\java-web2\src\main\resources
2022-12-25 14:44:35,375 [Worker-108: Building] INFO  o.e.m.c.i.embedder.EclipseLogger - Using 'UTF-8' encoding to copy filtered resources.
2022-12-25 14:44:35,375 [Worker-108: Building] INFO  o.e.m.c.i.embedder.EclipseLogger - skip non existing resourceDirectory C:\Users\ralfb\javaJsgCurso\java-web2\src\test\resources
2022-12-25 14:46:28,536 [Worker-110: Building] INFO  o.e.m.c.i.embedder.EclipseLogger - Using 'UTF-8' encoding to copy filtered resources.
2022-12-25 14:46:28,537 [Worker-110: Building] INFO  o.e.m.c.i.embedder.EclipseLogger - skip non existing resourceDirectory C:\Users\ralfb\javaJsgCurso\java-web2\src\main\resources
2022-12-25 14:46:28,538 [Worker-110: Building] INFO  o.e.m.c.i.embedder.EclipseLogger - Using 'UTF-8' encoding to copy filtered resources.
2022-12-25 14:46:28,538 [Worker-110: Building] INFO  o.e.m.c.i.embedder.EclipseLogger - skip non existing resourceDirectory C:\Users\ralfb\javaJsgCurso\java-web2\src\test\resources
2022-12-25 14:46:43,810 [Worker-105: Building] INFO  o.e.m.c.i.embedder.EclipseLogger - Using 'UTF-8' encoding to copy filtered resources.
2022-12-25 14:46:43,810 [Worker-105: Building] INFO  o.e.m.c.i.embedder.EclipseLogger - skip non existing resourceDirectory C:\Users\ralfb\javaJsgCurso\java-web2\src\main\resources
2022-12-25 14:46:43,811 [Worker-105: Building] INFO  o.e.m.c.i.embedder.EclipseLogger - Using 'UTF-8' encoding to copy filtered resources.
2022-12-25 14:46:43,812 [Worker-105: Building] INFO  o.e.m.c.i.embedder.EclipseLogger - skip non existing resourceDirectory C:\Users\ralfb\javaJsgCurso\java-web2\src\test\resources
2022-12-25 14:51:16,148 [Worker-99: Building] INFO  o.e.m.c.i.embedder.EclipseLogger - Using 'UTF-8' encoding to copy filtered resources.
2022-12-25 14:51:16,148 [Worker-99: Building] INFO  o.e.m.c.i.embedder.EclipseLogger - skip non existing resourceDirectory C:\Users\ralfb\javaJsgCurso\java-web2\src\main\resources
2022-12-25 14:51:16,151 [Worker-99: Building] INFO  o.e.m.c.i.embedder.EclipseLogger - Using 'UTF-8' encoding to copy filtered resources.
2022-12-25 14:51:16,151 [Worker-99: Building] INFO  o.e.m.c.i.embedder.EclipseLogger - skip non existing resourceDirectory C:\Users\ralfb\javaJsgCurso\java-web2\src\test\resources
2022-12-25 14:52:57,203 [Worker-99: Building] INFO  o.e.m.c.i.embedder.EclipseLogger - Using 'UTF-8' encoding to copy filtered resources.
2022-12-25 14:52:57,203 [Worker-99: Building] INFO  o.e.m.c.i.embedder.EclipseLogger - skip non existing resourceDirectory C:\Users\ralfb\javaJsgCurso\java-web2\src\main\resources
2022-12-25 14:52:57,204 [Worker-99: Building] INFO  o.e.m.c.i.embedder.EclipseLogger - Using 'UTF-8' encoding to copy filtered resources.
2022-12-25 14:52:57,204 [Worker-99: Building] INFO  o.e.m.c.i.embedder.EclipseLogger - skip non existing resourceDirectory C:\Users\ralfb\javaJsgCurso\java-web2\src\test\resources
2022-12-25 14:53:07,160 [Worker-113: Building] INFO  o.e.m.c.i.embedder.EclipseLogger - Using 'UTF-8' encoding to copy filtered resources.
2022-12-25 14:53:07,160 [Worker-113: Building] INFO  o.e.m.c.i.embedder.EclipseLogger - skip non existing resourceDirectory C:\Users\ralfb\javaJsgCurso\java-web2\src\main\resources
2022-12-25 14:53:07,161 [Worker-113: Building] INFO  o.e.m.c.i.embedder.EclipseLogger - Using 'UTF-8' encoding to copy filtered resources.
2022-12-25 14:53:07,162 [Worker-113: Building] INFO  o.e.m.c.i.embedder.EclipseLogger - skip non existing resourceDirectory C:\Users\ralfb\javaJsgCurso\java-web2\src\test\resources
2022-12-25 14:56:45,827 [Worker-99: Building] INFO  o.e.m.c.i.embedder.EclipseLogger - Using 'UTF-8' encoding to copy filtered resources.
2022-12-25 14:56:45,827 [Worker-99: Building] INFO  o.e.m.c.i.embedder.EclipseLogger - skip non existing resourceDirectory C:\Users\ralfb\javaJsgCurso\java-web2\src\main\resources
2022-12-25 14:56:45,827 [Worker-99: Building] INFO  o.e.m.c.i.embedder.EclipseLogger - Using 'UTF-8' encoding to copy filtered resources.
2022-12-25 14:56:45,828 [Worker-99: Building] INFO  o.e.m.c.i.embedder.EclipseLogger - skip non existing resourceDirectory C:\Users\ralfb\javaJsgCurso\java-web2\src\test\resources
2022-12-25 14:57:10,255 [Worker-117: Building] INFO  o.e.m.c.i.embedder.EclipseLogger - Using 'UTF-8' encoding to copy filtered resources.
2022-12-25 14:57:10,255 [Worker-117: Building] INFO  o.e.m.c.i.embedder.EclipseLogger - skip non existing resourceDirectory C:\Users\ralfb\javaJsgCurso\java-web2\src\main\resources
2022-12-25 14:57:10,256 [Worker-117: Building] INFO  o.e.m.c.i.embedder.EclipseLogger - Using 'UTF-8' encoding to copy filtered resources.
2022-12-25 14:57:10,256 [Worker-117: Building] INFO  o.e.m.c.i.embedder.EclipseLogger - skip non existing resourceDirectory C:\Users\ralfb\javaJsgCurso\java-web2\src\test\resources
2022-12-25 14:57:25,379 [Worker-114: Building] INFO  o.e.m.c.i.embedder.EclipseLogger - Using 'UTF-8' encoding to copy filtered resources.
2022-12-25 14:57:25,380 [Worker-114: Building] INFO  o.e.m.c.i.embedder.EclipseLogger - skip non existing resourceDirectory C:\Users\ralfb\javaJsgCurso\java-web2\src\main\resources
2022-12-25 14:57:25,380 [Worker-114: Building] INFO  o.e.m.c.i.embedder.EclipseLogger - Using 'UTF-8' encoding to copy filtered resources.
2022-12-25 14:57:25,380 [Worker-114: Building] INFO  o.e.m.c.i.embedder.EclipseLogger - skip non existing resourceDirectory C:\Users\ralfb\javaJsgCurso\java-web2\src\test\resources
2022-12-25 14:57:28,526 [Worker-119: Building] INFO  o.e.m.c.i.embedder.EclipseLogger - Using 'UTF-8' encoding to copy filtered resources.
2022-12-25 14:57:28,526 [Worker-119: Building] INFO  o.e.m.c.i.embedder.EclipseLogger - skip non existing resourceDirectory C:\Users\ralfb\javaJsgCurso\java-web2\src\main\resources
2022-12-25 14:57:28,528 [Worker-119: Building] INFO  o.e.m.c.i.embedder.EclipseLogger - Using 'UTF-8' encoding to copy filtered resources.
2022-12-25 14:57:28,529 [Worker-119: Building] INFO  o.e.m.c.i.embedder.EclipseLogger - skip non existing resourceDirectory C:\Users\ralfb\javaJsgCurso\java-web2\src\test\resources
2022-12-25 15:06:34,214 [Worker-122: Building] INFO  o.e.m.c.i.embedder.EclipseLogger - Using 'UTF-8' encoding to copy filtered resources.
2022-12-25 15:06:34,214 [Worker-122: Building] INFO  o.e.m.c.i.embedder.EclipseLogger - skip non existing resourceDirectory C:\Users\ralfb\javaJsgCurso\java-web2\src\main\resources
2022-12-25 15:06:34,216 [Worker-122: Building] INFO  o.e.m.c.i.embedder.EclipseLogger - Using 'UTF-8' encoding to copy filtered resources.
2022-12-25 15:06:34,217 [Worker-122: Building] INFO  o.e.m.c.i.embedder.EclipseLogger - skip non existing resourceDirectory C:\Users\ralfb\javaJsgCurso\java-web2\src\test\resources
2022-12-25 15:06:38,006 [Worker-121: Building] INFO  o.e.m.c.i.embedder.EclipseLogger - Using 'UTF-8' encoding to copy filtered resources.
2022-12-25 15:06:38,006 [Worker-121: Building] INFO  o.e.m.c.i.embedder.EclipseLogger - skip non existing resourceDirectory C:\Users\ralfb\javaJsgCurso\java-web2\src\main\resources
2022-12-25 15:06:38,009 [Worker-121: Building] INFO  o.e.m.c.i.embedder.EclipseLogger - Using 'UTF-8' encoding to copy filtered resources.
2022-12-25 15:06:38,009 [Worker-121: Building] INFO  o.e.m.c.i.embedder.EclipseLogger - skip non existing resourceDirectory C:\Users\ralfb\javaJsgCurso\java-web2\src\test\resources
2022-12-25 15:07:19,278 [Worker-120: Building] INFO  o.e.m.c.i.embedder.EclipseLogger - Using 'UTF-8' encoding to copy filtered resources.
2022-12-25 15:07:19,278 [Worker-120: Building] INFO  o.e.m.c.i.embedder.EclipseLogger - skip non existing resourceDirectory C:\Users\ralfb\javaJsgCurso\java-web2\src\main\resources
2022-12-25 15:07:19,279 [Worker-120: Building] INFO  o.e.m.c.i.embedder.EclipseLogger - Using 'UTF-8' encoding to copy filtered resources.
2022-12-25 15:07:19,279 [Worker-120: Building] INFO  o.e.m.c.i.embedder.EclipseLogger - skip non existing resourceDirectory C:\Users\ralfb\javaJsgCurso\java-web2\src\test\resources
2022-12-25 15:07:31,935 [Worker-124: Building] INFO  o.e.m.c.i.embedder.EclipseLogger - Using 'UTF-8' encoding to copy filtered resources.
2022-12-25 15:07:31,935 [Worker-124: Building] INFO  o.e.m.c.i.embedder.EclipseLogger - skip non existing resourceDirectory C:\Users\ralfb\javaJsgCurso\java-web2\src\main\resources
2022-12-25 15:07:31,937 [Worker-124: Building] INFO  o.e.m.c.i.embedder.EclipseLogger - Using 'UTF-8' encoding to copy filtered resources.
2022-12-25 15:07:31,938 [Worker-124: Building] INFO  o.e.m.c.i.embedder.EclipseLogger - skip non existing resourceDirectory C:\Users\ralfb\javaJsgCurso\java-web2\src\test\resources
2022-12-25 15:07:36,417 [Worker-119: Building] INFO  o.e.m.c.i.embedder.EclipseLogger - Using 'UTF-8' encoding to copy filtered resources.
2022-12-25 15:07:36,417 [Worker-119: Building] INFO  o.e.m.c.i.embedder.EclipseLogger - skip non existing resourceDirectory C:\Users\ralfb\javaJsgCurso\java-web2\src\main\resources
2022-12-25 15:07:36,419 [Worker-119: Building] INFO  o.e.m.c.i.embedder.EclipseLogger - Using 'UTF-8' encoding to copy filtered resources.
2022-12-25 15:07:36,419 [Worker-119: Building] INFO  o.e.m.c.i.embedder.EclipseLogger - skip non existing resourceDirectory C:\Users\ralfb\javaJsgCurso\java-web2\src\test\resources
2022-12-25 15:07:51,267 [Worker-120: Building] INFO  o.e.m.c.i.embedder.EclipseLogger - Using 'UTF-8' encoding to copy filtered resources.
2022-12-25 15:07:51,267 [Worker-120: Building] INFO  o.e.m.c.i.embedder.EclipseLogger - skip non existing resourceDirectory C:\Users\ralfb\javaJsgCurso\java-web2\src\main\resources
2022-12-25 15:07:51,268 [Worker-120: Building] INFO  o.e.m.c.i.embedder.EclipseLogger - Using 'UTF-8' encoding to copy filtered resources.
2022-12-25 15:07:51,268 [Worker-120: Building] INFO  o.e.m.c.i.embedder.EclipseLogger - skip non existing resourceDirectory C:\Users\ralfb\javaJsgCurso\java-web2\src\test\resources
2022-12-25 15:07:53,697 [Worker-121: Building] INFO  o.e.m.c.i.embedder.EclipseLogger - Using 'UTF-8' encoding to copy filtered resources.
2022-12-25 15:07:53,697 [Worker-121: Building] INFO  o.e.m.c.i.embedder.EclipseLogger - skip non existing resourceDirectory C:\Users\ralfb\javaJsgCurso\java-web2\src\main\resources
2022-12-25 15:07:53,700 [Worker-121: Building] INFO  o.e.m.c.i.embedder.EclipseLogger - Using 'UTF-8' encoding to copy filtered resources.
2022-12-25 15:07:53,700 [Worker-121: Building] INFO  o.e.m.c.i.embedder.EclipseLogger - skip non existing resourceDirectory C:\Users\ralfb\javaJsgCurso\java-web2\src\test\resources
2022-12-25 15:09:16,739 [Worker-124: Building] INFO  o.e.m.c.i.embedder.EclipseLogger - Using 'UTF-8' encoding to copy filtered resources.
2022-12-25 15:09:16,739 [Worker-124: Building] INFO  o.e.m.c.i.embedder.EclipseLogger - skip non existing resourceDirectory C:\Users\ralfb\javaJsgCurso\java-web2\src\main\resources
2022-12-25 15:09:16,741 [Worker-124: Building] INFO  o.e.m.c.i.embedder.EclipseLogger - Using 'UTF-8' encoding to copy filtered resources.
2022-12-25 15:09:16,741 [Worker-124: Building] INFO  o.e.m.c.i.embedder.EclipseLogger - skip non existing resourceDirectory C:\Users\ralfb\javaJsgCurso\java-web2\src\test\resources
2022-12-25 15:11:47,487 [Worker-119: Building] INFO  o.e.m.c.i.embedder.EclipseLogger - Using 'UTF-8' encoding to copy filtered resources.
2022-12-25 15:11:47,487 [Worker-119: Building] INFO  o.e.m.c.i.embedder.EclipseLogger - skip non existing resourceDirectory C:\Users\ralfb\javaJsgCurso\java-web2\src\main\resources
2022-12-25 15:11:47,488 [Worker-119: Building] INFO  o.e.m.c.i.embedder.EclipseLogger - Using 'UTF-8' encoding to copy filtered resources.
2022-12-25 15:11:47,488 [Worker-119: Building] INFO  o.e.m.c.i.embedder.EclipseLogger - skip non existing resourceDirectory C:\Users\ralfb\javaJsgCurso\java-web2\src\test\resources
2022-12-25 15:11:55,546 [Worker-119: Building] INFO  o.e.m.c.i.embedder.EclipseLogger - Using 'UTF-8' encoding to copy filtered resources.
2022-12-25 15:11:55,546 [Worker-119: Building] INFO  o.e.m.c.i.embedder.EclipseLogger - skip non existing resourceDirectory C:\Users\ralfb\javaJsgCurso\java-web2\src\main\resources
2022-12-25 15:11:55,547 [Worker-119: Building] INFO  o.e.m.c.i.embedder.EclipseLogger - Using 'UTF-8' encoding to copy filtered resources.
2022-12-25 15:11:55,547 [Worker-119: Building] INFO  o.e.m.c.i.embedder.EclipseLogger - skip non existing resourceDirectory C:\Users\ralfb\javaJsgCurso\java-web2\src\test\resources
2022-12-25 15:16:13,981 [Worker-122: Building] INFO  o.e.m.c.i.embedder.EclipseLogger - Using 'UTF-8' encoding to copy filtered resources.
2022-12-25 15:16:13,981 [Worker-122: Building] INFO  o.e.m.c.i.embedder.EclipseLogger - skip non existing resourceDirectory C:\Users\ralfb\javaJsgCurso\java-web2\src\main\resources
2022-12-25 15:16:13,982 [Worker-122: Building] INFO  o.e.m.c.i.embedder.EclipseLogger - Using 'UTF-8' encoding to copy filtered resources.
2022-12-25 15:16:13,983 [Worker-122: Building] INFO  o.e.m.c.i.embedder.EclipseLogger - skip non existing resourceDirectory C:\Users\ralfb\javaJsgCurso\java-web2\src\test\resources
2022-12-25 15:16:32,785 [Worker-122: Building] INFO  o.e.m.c.i.embedder.EclipseLogger - Using 'UTF-8' encoding to copy filtered resources.
2022-12-25 15:16:32,785 [Worker-122: Building] INFO  o.e.m.c.i.embedder.EclipseLogger - skip non existing resourceDirectory C:\Users\ralfb\javaJsgCurso\java-web2\src\main\resources
2022-12-25 15:16:32,786 [Worker-122: Building] INFO  o.e.m.c.i.embedder.EclipseLogger - Using 'UTF-8' encoding to copy filtered resources.
2022-12-25 15:16:32,787 [Worker-122: Building] INFO  o.e.m.c.i.embedder.EclipseLogger - skip non existing resourceDirectory C:\Users\ralfb\javaJsgCurso\java-web2\src\test\resources
2022-12-25 15:33:37,719 [Worker-125: Building] INFO  o.e.m.c.i.embedder.EclipseLogger - Using 'UTF-8' encoding to copy filtered resources.
2022-12-25 15:33:37,719 [Worker-125: Building] INFO  o.e.m.c.i.embedder.EclipseLogger - skip non existing resourceDirectory C:\Users\ralfb\javaJsgCurso\java-web2\src\main\resources
2022-12-25 15:33:37,720 [Worker-125: Building] INFO  o.e.m.c.i.embedder.EclipseLogger - Using 'UTF-8' encoding to copy filtered resources.
2022-12-25 15:33:37,721 [Worker-125: Building] INFO  o.e.m.c.i.embedder.EclipseLogger - skip non existing resourceDirectory C:\Users\ralfb\javaJsgCurso\java-web2\src\test\resources
2022-12-25 15:33:39,904 [Worker-129: Building] INFO  o.e.m.c.i.embedder.EclipseLogger - Using 'UTF-8' encoding to copy filtered resources.
2022-12-25 15:33:39,904 [Worker-129: Building] INFO  o.e.m.c.i.embedder.EclipseLogger - skip non existing resourceDirectory C:\Users\ralfb\javaJsgCurso\java-web2\src\main\resources
2022-12-25 15:33:39,905 [Worker-129: Building] INFO  o.e.m.c.i.embedder.EclipseLogger - Using 'UTF-8' encoding to copy filtered resources.
2022-12-25 15:33:39,906 [Worker-129: Building] INFO  o.e.m.c.i.embedder.EclipseLogger - skip non existing resourceDirectory C:\Users\ralfb\javaJsgCurso\java-web2\src\test\resources
2022-12-25 15:34:15,992 [Worker-129: Building] INFO  o.e.m.c.i.embedder.EclipseLogger - Using 'UTF-8' encoding to copy filtered resources.
2022-12-25 15:34:15,992 [Worker-129: Building] INFO  o.e.m.c.i.embedder.EclipseLogger - skip non existing resourceDirectory C:\Users\ralfb\javaJsgCurso\java-web2\src\main\resources
2022-12-25 15:34:15,993 [Worker-129: Building] INFO  o.e.m.c.i.embedder.EclipseLogger - Using 'UTF-8' encoding to copy filtered resources.
2022-12-25 15:34:15,994 [Worker-129: Building] INFO  o.e.m.c.i.embedder.EclipseLogger - skip non existing resourceDirectory C:\Users\ralfb\javaJsgCurso\java-web2\src\test\resources
2022-12-25 15:34:27,485 [Worker-127: Building] INFO  o.e.m.c.i.embedder.EclipseLogger - Using 'UTF-8' encoding to copy filtered resources.
2022-12-25 15:34:27,485 [Worker-127: Building] INFO  o.e.m.c.i.embedder.EclipseLogger - skip non existing resourceDirectory C:\Users\ralfb\javaJsgCurso\java-web2\src\main\resources
2022-12-25 15:34:27,486 [Worker-127: Building] INFO  o.e.m.c.i.embedder.EclipseLogger - Using 'UTF-8' encoding to copy filtered resources.
2022-12-25 15:34:27,486 [Worker-127: Building] INFO  o.e.m.c.i.embedder.EclipseLogger - skip non existing resourceDirectory C:\Users\ralfb\javaJsgCurso\java-web2\src\test\resources
2022-12-25 15:39:53,303 [Worker-132: Building] INFO  o.e.m.c.i.embedder.EclipseLogger - Using 'UTF-8' encoding to copy filtered resources.
2022-12-25 15:39:53,303 [Worker-132: Building] INFO  o.e.m.c.i.embedder.EclipseLogger - skip non existing resourceDirectory C:\Users\ralfb\javaJsgCurso\java-web2\src\main\resources
2022-12-25 15:39:53,305 [Worker-132: Building] INFO  o.e.m.c.i.embedder.EclipseLogger - Using 'UTF-8' encoding to copy filtered resources.
2022-12-25 15:39:53,306 [Worker-132: Building] INFO  o.e.m.c.i.embedder.EclipseLogger - skip non existing resourceDirectory C:\Users\ralfb\javaJsgCurso\java-web2\src\test\resources
2022-12-25 15:40:29,105 [Worker-131: Building] INFO  o.e.m.c.i.embedder.EclipseLogger - Using 'UTF-8' encoding to copy filtered resources.
2022-12-25 15:40:29,106 [Worker-131: Building] INFO  o.e.m.c.i.embedder.EclipseLogger - skip non existing resourceDirectory C:\Users\ralfb\javaJsgCurso\java-web2\src\main\resources
2022-12-25 15:40:29,109 [Worker-131: Building] INFO  o.e.m.c.i.embedder.EclipseLogger - Using 'UTF-8' encoding to copy filtered resources.
2022-12-25 15:40:29,109 [Worker-131: Building] INFO  o.e.m.c.i.embedder.EclipseLogger - skip non existing resourceDirectory C:\Users\ralfb\javaJsgCurso\java-web2\src\test\resources
2022-12-25 15:44:00,829 [Worker-1: Loading available Gradle versions] INFO  o.e.b.c.i.u.g.PublishedGradleVersions - Gradle version information cache is up-to-date. Trying to read.
2022-12-25 15:44:10,579 [Worker-9: Building] INFO  o.e.m.c.i.embedder.EclipseLogger - Using 'UTF-8' encoding to copy filtered resources.
2022-12-25 15:44:10,630 [Worker-9: Building] INFO  o.e.m.c.i.embedder.EclipseLogger - skip non existing resourceDirectory C:\Users\ralfb\javaJsgCurso\java-web2\src\main\resources
2022-12-25 15:44:10,636 [Worker-9: Building] INFO  o.e.m.c.i.embedder.EclipseLogger - Using 'UTF-8' encoding to copy filtered resources.
2022-12-25 15:44:10,636 [Worker-9: Building] INFO  o.e.m.c.i.embedder.EclipseLogger - skip non existing resourceDirectory C:\Users\ralfb\javaJsgCurso\java-web2\src\test\resources
